<?xml version="1.0" encoding="UTF-8"?>
<testsuite name="test.AwsS3Test" tests="1" skipped="0" failures="0" errors="0" timestamp="2023-04-05T09:43:26" hostname="luca-20qes8cd01" time="0.646">
  <properties/>
  <testcase name="should add file to bucket" classname="test.AwsS3Test" time="0.646"/>
  <system-out><![CDATA[11:43:21.761 [Test worker] INFO org.testcontainers.DockerClientFactory - Docker host IP address is localhost
11:43:21.762 [Test worker] DEBUG org.testcontainers.DockerClientFactory - Docker info: {NGoroutines=169, Name=luca-20qes8cd01, Swarm={NodeID=5ny2qh7uxm6arltrs3qvwshnr, NodeAddr=192.168.1.103, LocalNodeState=active, ControlAvailable=true, Error=, RemoteManagers=[{NodeID=5ny2qh7uxm6arltrs3qvwshnr, Addr=192.168.1.103:2377}], Nodes=1, Managers=1, Cluster={ID=k8fzkm6851qkjo11pw48dunqk, Version={Index=1877}, CreatedAt=2022-09-09T20:44:26.728370269Z, UpdatedAt=2023-04-04T14:04:43.841585421Z, Spec={Name=default, Labels={}, Orchestration={TaskHistoryRetentionLimit=5}, Raft={SnapshotInterval=10000, KeepOldSnapshots=0, LogEntriesForSlowFollowers=500, ElectionTick=10, HeartbeatTick=1}, Dispatcher={HeartbeatPeriod=5000000000}, CAConfig={NodeCertExpiry=7776000000000000}, TaskDefaults={}, EncryptionConfig={AutoLockManagers=false}}, TLSInfo={TrustRoot=-----BEGIN CERTIFICATE-----
MIIBazCCARCgAwIBAgIUFWIH1/WfHB92mqXeBridljfdddMwCgYIKoZIzj0EAwIw
EzERMA8GA1UEAxMIc3dhcm0tY2EwHhcNMjIwOTA5MjAzOTAwWhcNNDIwOTA0MjAz
OTAwWjATMREwDwYDVQQDEwhzd2FybS1jYTBZMBMGByqGSM49AgEGCCqGSM49AwEH
A0IABHFcwGYub0O2gAuYRzKuNJS3smZV8RiW9SRNK6IG7N4yiD8HvjZXadZoSIZz
oVGa4CJhE6NXb7q2QID906hQtQGjQjBAMA4GA1UdDwEB/wQEAwIBBjAPBgNVHRMB
Af8EBTADAQH/MB0GA1UdDgQWBBS4UlLKCmcV8EBWPX93j/pSXzVIADAKBggqhkjO
PQQDAgNJADBGAiEAjw5K4rcjEs2jdQZAPcS1/LKuLsYoAyCfw6jnLoHwHwgCIQCZ
5zj3aZoHgRQH2p/kcmMltAGcDyOoRFwkcykDIKe78g==
-----END CERTIFICATE-----
, CertIssuerSubject=MBMxETAPBgNVBAMTCHN3YXJtLWNh, CertIssuerPublicKey=MFkwEwYHKoZIzj0CAQYIKoZIzj0DAQcDQgAEcVzAZi5vQ7aAC5hHMq40lLeyZlXxGJb1JE0rogbs3jKIPwe+Nldp1mhIhnOhUZrgImETo1dvurZAgP3TqFC1AQ==}, RootRotationInProgress=false, DefaultAddrPool=[10.0.0.0/8], SubnetSize=24, DataPathPort=4789}}, RuncCommit={ID=, Expected=}, OSVersion=, Runtimes={io.containerd.runc.v2={path=runc}, runc={path=runc}}, ID=3AAE:DQW3:J3D6:6YSF:VLMH:4VHB:VGRX:BZPF:FXY5:LTRG:6QX5:WROI, DriverStatus=[[Backing Filesystem, extfs], [Supports d_type, true], [Using metacopy, true], [Native Overlay Diff, false], [userxattr, false]], BridgeNfIptables=true, LiveRestoreEnabled=false, SystemTime=2023-04-05T11:43:21.580767934+02:00, NoProxy=, Architecture=x86_64, NEventsListener=0, HttpsProxy=, Images=51, ContainersRunning=2, Labels=[], InitCommit={ID=de40ad0, Expected=de40ad0}, NFd=56, KernelVersion=6.2.9-arch1-1, LoggingDriver=json-file, OSType=linux, SecurityOptions=[name=seccomp,profile=builtin, name=cgroupns], ContainerdCommit={ID=1fbd70374134b891f97ce19c70b6e50c7b9f4e0d.m, Expected=1fbd70374134b891f97ce19c70b6e50c7b9f4e0d.m}, GenericResources=null, OperatingSystem=EndeavourOS, RegistryConfig={AllowNondistributableArtifactsCIDRs=null, AllowNondistributableArtifactsHostnames=null, InsecureRegistryCIDRs=[127.0.0.0/8], IndexConfigs={docker.io={Name=docker.io, Mirrors=[], Secure=true, Official=true}}, Mirrors=null}, ServerVersion=23.0.2, OomKillDisable=false, CpuCfsQuota=true, Containers=11, Driver=overlay2, IPv4Forwarding=true, ExperimentalBuild=false, DockerRootDir=/var/lib/docker, CPUSet=true, CpuCfsPeriod=true, DefaultRuntime=runc, CPUShares=true, Debug=false, NCPU=8, Plugins={Volume=[local], Network=[bridge, host, ipvlan, macvlan, null, overlay], Authorization=null, Log=[awslogs, fluentd, gcplogs, gelf, journald, json-file, local, logentries, splunk, syslog]}, SwapLimit=true, CgroupDriver=systemd, ContainersPaused=0, MemTotal=16536707072, IndexServerAddress=https://index.docker.io/v1/, MemoryLimit=true, HttpProxy=, InitBinary=docker-init, CgroupVersion=2, PidsLimit=true, Isolation=, BridgeNfIp6tables=true, Warnings=null, ContainersStopped=9}
11:43:21.764 [Test worker] DEBUG org.testcontainers.shaded.com.github.dockerjava.core.command.AbstrDockerCmd - Cmd: 
11:43:21.765 [Test worker] DEBUG com.github.dockerjava.zerodep.shaded.org.apache.hc.client5.http.impl.classic.InternalHttpClient - ex-00000002: preparing request execution
11:43:21.765 [Test worker] DEBUG com.github.dockerjava.zerodep.shaded.org.apache.hc.client5.http.protocol.RequestAddCookies - Cookie spec selected: strict
11:43:21.765 [Test worker] DEBUG com.github.dockerjava.zerodep.shaded.org.apache.hc.client5.http.protocol.RequestAuthCache - Auth cache not set in the context
11:43:21.765 [Test worker] DEBUG com.github.dockerjava.zerodep.shaded.org.apache.hc.client5.http.impl.classic.ProtocolExec - ex-00000002: target auth state: UNCHALLENGED
11:43:21.765 [Test worker] DEBUG com.github.dockerjava.zerodep.shaded.org.apache.hc.client5.http.impl.classic.ProtocolExec - ex-00000002: proxy auth state: UNCHALLENGED
11:43:21.766 [Test worker] DEBUG com.github.dockerjava.zerodep.shaded.org.apache.hc.client5.http.impl.classic.ConnectExec - ex-00000002: acquiring connection with route {}->unix://localhost:2375
11:43:21.766 [Test worker] DEBUG com.github.dockerjava.zerodep.shaded.org.apache.hc.client5.http.impl.classic.InternalHttpClient - ex-00000002: acquiring endpoint (3 MINUTES)
11:43:21.766 [Test worker] DEBUG com.github.dockerjava.zerodep.shaded.org.apache.hc.client5.http.impl.io.PoolingHttpClientConnectionManager - ex-00000002: endpoint lease request (3 MINUTES) [route: {}->unix://localhost:2375][total available: 1; route allocated: 1 of 2147483647; total allocated: 1 of 2147483647]
11:43:21.766 [Test worker] DEBUG com.github.dockerjava.zerodep.shaded.org.apache.hc.client5.http.impl.io.PoolingHttpClientConnectionManager - ex-00000002: endpoint leased [route: {}->unix://localhost:2375][total available: 0; route allocated: 1 of 2147483647; total allocated: 1 of 2147483647]
11:43:21.766 [Test worker] DEBUG com.github.dockerjava.zerodep.shaded.org.apache.hc.client5.http.impl.io.PoolingHttpClientConnectionManager - ex-00000002: acquired ep-00000001
11:43:21.766 [Test worker] DEBUG com.github.dockerjava.zerodep.shaded.org.apache.hc.client5.http.impl.classic.InternalHttpClient - ex-00000002: acquired endpoint ep-00000001
11:43:21.766 [Test worker] DEBUG com.github.dockerjava.zerodep.shaded.org.apache.hc.client5.http.impl.classic.MainClientExec - ex-00000002: executing GET /v1.32/version HTTP/1.1
11:43:21.766 [Test worker] DEBUG com.github.dockerjava.zerodep.shaded.org.apache.hc.client5.http.impl.classic.InternalHttpClient - ep-00000001: start execution ex-00000002
11:43:21.766 [Test worker] DEBUG com.github.dockerjava.zerodep.shaded.org.apache.hc.client5.http.impl.io.PoolingHttpClientConnectionManager - ep-00000001: executing exchange ex-00000002 over http-outgoing-0
11:43:21.767 [Test worker] DEBUG com.github.dockerjava.zerodep.shaded.org.apache.hc.client5.http.headers - http-outgoing-0 >> GET /v1.32/version HTTP/1.1
11:43:21.767 [Test worker] DEBUG com.github.dockerjava.zerodep.shaded.org.apache.hc.client5.http.headers - http-outgoing-0 >> accept: application/json
11:43:21.767 [Test worker] DEBUG com.github.dockerjava.zerodep.shaded.org.apache.hc.client5.http.headers - http-outgoing-0 >> x-tc-sid: b7f6c99f-5b0f-49a9-8796-94a8ae81f0d8
11:43:21.767 [Test worker] DEBUG com.github.dockerjava.zerodep.shaded.org.apache.hc.client5.http.headers - http-outgoing-0 >> Accept-Encoding: gzip, x-gzip, deflate
11:43:21.767 [Test worker] DEBUG com.github.dockerjava.zerodep.shaded.org.apache.hc.client5.http.headers - http-outgoing-0 >> Host: localhost:2375
11:43:21.767 [Test worker] DEBUG com.github.dockerjava.zerodep.shaded.org.apache.hc.client5.http.headers - http-outgoing-0 >> Connection: keep-alive
11:43:21.767 [Test worker] DEBUG com.github.dockerjava.zerodep.shaded.org.apache.hc.client5.http.headers - http-outgoing-0 >> User-Agent: Apache-HttpClient/5.0.3 (Java/17.0.6)
11:43:21.767 [Test worker] DEBUG com.github.dockerjava.zerodep.shaded.org.apache.hc.client5.http.wire - http-outgoing-0 >> "GET /v1.32/version HTTP/1.1[\r][\n]"
11:43:21.767 [Test worker] DEBUG com.github.dockerjava.zerodep.shaded.org.apache.hc.client5.http.wire - http-outgoing-0 >> "accept: application/json[\r][\n]"
11:43:21.767 [Test worker] DEBUG com.github.dockerjava.zerodep.shaded.org.apache.hc.client5.http.wire - http-outgoing-0 >> "x-tc-sid: b7f6c99f-5b0f-49a9-8796-94a8ae81f0d8[\r][\n]"
11:43:21.767 [Test worker] DEBUG com.github.dockerjava.zerodep.shaded.org.apache.hc.client5.http.wire - http-outgoing-0 >> "Accept-Encoding: gzip, x-gzip, deflate[\r][\n]"
11:43:21.767 [Test worker] DEBUG com.github.dockerjava.zerodep.shaded.org.apache.hc.client5.http.wire - http-outgoing-0 >> "Host: localhost:2375[\r][\n]"
11:43:21.767 [Test worker] DEBUG com.github.dockerjava.zerodep.shaded.org.apache.hc.client5.http.wire - http-outgoing-0 >> "Connection: keep-alive[\r][\n]"
11:43:21.768 [Test worker] DEBUG com.github.dockerjava.zerodep.shaded.org.apache.hc.client5.http.wire - http-outgoing-0 >> "User-Agent: Apache-HttpClient/5.0.3 (Java/17.0.6)[\r][\n]"
11:43:21.768 [Test worker] DEBUG com.github.dockerjava.zerodep.shaded.org.apache.hc.client5.http.wire - http-outgoing-0 >> "[\r][\n]"
11:43:21.773 [Test worker] DEBUG com.github.dockerjava.zerodep.shaded.org.apache.hc.client5.http.wire - http-outgoing-0 << "HTTP/1.1 200 OK[\r][\n]"
11:43:21.773 [Test worker] DEBUG com.github.dockerjava.zerodep.shaded.org.apache.hc.client5.http.wire - http-outgoing-0 << "Api-Version: 1.42[\r][\n]"
11:43:21.773 [Test worker] DEBUG com.github.dockerjava.zerodep.shaded.org.apache.hc.client5.http.wire - http-outgoing-0 << "Content-Type: application/json[\r][\n]"
11:43:21.773 [Test worker] DEBUG com.github.dockerjava.zerodep.shaded.org.apache.hc.client5.http.wire - http-outgoing-0 << "Docker-Experimental: false[\r][\n]"
11:43:21.773 [Test worker] DEBUG com.github.dockerjava.zerodep.shaded.org.apache.hc.client5.http.wire - http-outgoing-0 << "Ostype: linux[\r][\n]"
11:43:21.774 [Test worker] DEBUG com.github.dockerjava.zerodep.shaded.org.apache.hc.client5.http.wire - http-outgoing-0 << "Server: Docker/23.0.2 (linux)[\r][\n]"
11:43:21.774 [Test worker] DEBUG com.github.dockerjava.zerodep.shaded.org.apache.hc.client5.http.wire - http-outgoing-0 << "Date: Wed, 05 Apr 2023 09:43:21 GMT[\r][\n]"
11:43:21.774 [Test worker] DEBUG com.github.dockerjava.zerodep.shaded.org.apache.hc.client5.http.wire - http-outgoing-0 << "Content-Length: 780[\r][\n]"
11:43:21.774 [Test worker] DEBUG com.github.dockerjava.zerodep.shaded.org.apache.hc.client5.http.wire - http-outgoing-0 << "[\r][\n]"
11:43:21.774 [Test worker] DEBUG com.github.dockerjava.zerodep.shaded.org.apache.hc.client5.http.wire - http-outgoing-0 << "{"Platform":{"Name":""},"Components":[{"Name":"Engine","Version":"23.0.2","Details":{"ApiVersion":"1.42","Arch":"amd64","BuildTime":"2023-04-02T11:30:09.000000000+00:00","Experimental":"false","GitCommit":"219f21bf07","GoVersion":"go1.20.2","KernelVersion":"6.2.9-arch1-1","MinAPIVersion":"1.12","Os":"linux"}},{"Name":"containerd","Version":"v1.7.0","Details":{"GitCommit":"1fbd70374134b891f97ce19c70b6e50c7b9f4e0d.m"}},{"Name":"runc","Version":"1.1.5","Details":{"GitCommit":""}},{"Name":"docker-init","Version":"0.19.0","Details":{"GitCommit":"de40ad0"}}],"Version":"23.0.2","ApiVersion":"1.42","MinAPIVersion":"1.12","GitCommit":"219f21bf07","GoVersion":"go1.20.2","Os":"linux","Arch":"amd64","KernelVersion":"6.2.9-arch1-1","BuildTime":"2023-04-02T11:30:09.000000000+00:00"}[\n]"
11:43:21.774 [Test worker] DEBUG com.github.dockerjava.zerodep.shaded.org.apache.hc.client5.http.headers - http-outgoing-0 << HTTP/1.1 200 OK
11:43:21.774 [Test worker] DEBUG com.github.dockerjava.zerodep.shaded.org.apache.hc.client5.http.headers - http-outgoing-0 << Api-Version: 1.42
11:43:21.774 [Test worker] DEBUG com.github.dockerjava.zerodep.shaded.org.apache.hc.client5.http.headers - http-outgoing-0 << Content-Type: application/json
11:43:21.774 [Test worker] DEBUG com.github.dockerjava.zerodep.shaded.org.apache.hc.client5.http.headers - http-outgoing-0 << Docker-Experimental: false
11:43:21.774 [Test worker] DEBUG com.github.dockerjava.zerodep.shaded.org.apache.hc.client5.http.headers - http-outgoing-0 << Ostype: linux
11:43:21.774 [Test worker] DEBUG com.github.dockerjava.zerodep.shaded.org.apache.hc.client5.http.headers - http-outgoing-0 << Server: Docker/23.0.2 (linux)
11:43:21.775 [Test worker] DEBUG com.github.dockerjava.zerodep.shaded.org.apache.hc.client5.http.headers - http-outgoing-0 << Date: Wed, 05 Apr 2023 09:43:21 GMT
11:43:21.775 [Test worker] DEBUG com.github.dockerjava.zerodep.shaded.org.apache.hc.client5.http.headers - http-outgoing-0 << Content-Length: 780
11:43:21.775 [Test worker] DEBUG com.github.dockerjava.zerodep.shaded.org.apache.hc.client5.http.impl.classic.MainClientExec - ex-00000002: connection can be kept alive for 3 MINUTES
11:43:21.781 [Test worker] DEBUG com.github.dockerjava.zerodep.shaded.org.apache.hc.client5.http.impl.classic.InternalHttpClient - ep-00000001: releasing valid endpoint
11:43:21.781 [Test worker] DEBUG com.github.dockerjava.zerodep.shaded.org.apache.hc.client5.http.impl.io.PoolingHttpClientConnectionManager - ep-00000001: releasing endpoint
11:43:21.782 [Test worker] DEBUG com.github.dockerjava.zerodep.shaded.org.apache.hc.client5.http.impl.io.PoolingHttpClientConnectionManager - ep-00000001: connection http-outgoing-0 can be kept alive for 3 MINUTES
11:43:21.782 [Test worker] DEBUG com.github.dockerjava.zerodep.shaded.org.apache.hc.client5.http.impl.io.PoolingHttpClientConnectionManager - ep-00000001: connection released [route: {}->unix://localhost:2375][total available: 1; route allocated: 1 of 2147483647; total allocated: 1 of 2147483647]
11:43:21.782 [Test worker] DEBUG org.testcontainers.DockerClientFactory - Docker version: {Components=[{Name=Engine, Version=23.0.2, Details={ApiVersion=1.42, Arch=amd64, BuildTime=2023-04-02T11:30:09.000000000+00:00, Experimental=false, GitCommit=219f21bf07, GoVersion=go1.20.2, KernelVersion=6.2.9-arch1-1, MinAPIVersion=1.12, Os=linux}}, {Name=containerd, Version=v1.7.0, Details={GitCommit=1fbd70374134b891f97ce19c70b6e50c7b9f4e0d.m}}, {Name=runc, Version=1.1.5, Details={GitCommit=}}, {Name=docker-init, Version=0.19.0, Details={GitCommit=de40ad0}}], KernelVersion=6.2.9-arch1-1, ApiVersion=1.42, Platform={Name=}, GitCommit=219f21bf07, Os=linux, Version=23.0.2, MinAPIVersion=1.12, Arch=amd64, GoVersion=go1.20.2, BuildTime=2023-04-02T11:30:09.000000000+00:00}
11:43:21.782 [Test worker] INFO org.testcontainers.DockerClientFactory - Connected to docker: 
  Server Version: 23.0.2
  API Version: 1.42
  Operating System: EndeavourOS
  Total Memory: 15770 MB
11:43:21.790 [Test worker] DEBUG org.testcontainers.utility.RyukResourceReaper - Ryuk is enabled
11:43:21.791 [Test worker] DEBUG org.testcontainers.utility.PrefixingImageNameSubstitutor - No prefix is configured
11:43:21.792 [Test worker] DEBUG org.testcontainers.utility.ImageNameSubstitutor - Did not find a substitute image for testcontainers/ryuk:0.3.3 (using image substitutor: DefaultImageNameSubstitutor (composite of 'ConfigurationFileImageNameSubstitutor' and 'PrefixingImageNameSubstitutor'))
11:43:21.794 [Test worker] DEBUG org.testcontainers.shaded.com.github.dockerjava.core.command.AbstrDockerCmd - Cmd: ListImagesCmdImpl[filters=org.testcontainers.shaded.com.github.dockerjava.core.util.FiltersBuilder@0,imageNameFilter=<null>,showAll=false]
11:43:21.797 [Test worker] DEBUG com.github.dockerjava.zerodep.shaded.org.apache.hc.client5.http.impl.classic.InternalHttpClient - ex-00000003: preparing request execution
11:43:21.797 [Test worker] DEBUG com.github.dockerjava.zerodep.shaded.org.apache.hc.client5.http.protocol.RequestAddCookies - Cookie spec selected: strict
11:43:21.797 [Test worker] DEBUG com.github.dockerjava.zerodep.shaded.org.apache.hc.client5.http.protocol.RequestAuthCache - Auth cache not set in the context
11:43:21.797 [Test worker] DEBUG com.github.dockerjava.zerodep.shaded.org.apache.hc.client5.http.impl.classic.ProtocolExec - ex-00000003: target auth state: UNCHALLENGED
11:43:21.797 [Test worker] DEBUG com.github.dockerjava.zerodep.shaded.org.apache.hc.client5.http.impl.classic.ProtocolExec - ex-00000003: proxy auth state: UNCHALLENGED
11:43:21.797 [Test worker] DEBUG com.github.dockerjava.zerodep.shaded.org.apache.hc.client5.http.impl.classic.ConnectExec - ex-00000003: acquiring connection with route {}->unix://localhost:2375
11:43:21.797 [Test worker] DEBUG com.github.dockerjava.zerodep.shaded.org.apache.hc.client5.http.impl.classic.InternalHttpClient - ex-00000003: acquiring endpoint (3 MINUTES)
11:43:21.797 [Test worker] DEBUG com.github.dockerjava.zerodep.shaded.org.apache.hc.client5.http.impl.io.PoolingHttpClientConnectionManager - ex-00000003: endpoint lease request (3 MINUTES) [route: {}->unix://localhost:2375][total available: 1; route allocated: 1 of 2147483647; total allocated: 1 of 2147483647]
11:43:21.798 [Test worker] DEBUG com.github.dockerjava.zerodep.shaded.org.apache.hc.client5.http.impl.io.PoolingHttpClientConnectionManager - ex-00000003: endpoint leased [route: {}->unix://localhost:2375][total available: 0; route allocated: 1 of 2147483647; total allocated: 1 of 2147483647]
11:43:21.798 [Test worker] DEBUG com.github.dockerjava.zerodep.shaded.org.apache.hc.client5.http.impl.io.PoolingHttpClientConnectionManager - ex-00000003: acquired ep-00000002
11:43:21.798 [Test worker] DEBUG com.github.dockerjava.zerodep.shaded.org.apache.hc.client5.http.impl.classic.InternalHttpClient - ex-00000003: acquired endpoint ep-00000002
11:43:21.798 [Test worker] DEBUG com.github.dockerjava.zerodep.shaded.org.apache.hc.client5.http.impl.classic.MainClientExec - ex-00000003: executing GET /v1.32/images/json HTTP/1.1
11:43:21.798 [Test worker] DEBUG com.github.dockerjava.zerodep.shaded.org.apache.hc.client5.http.impl.classic.InternalHttpClient - ep-00000002: start execution ex-00000003
11:43:21.798 [Test worker] DEBUG com.github.dockerjava.zerodep.shaded.org.apache.hc.client5.http.impl.io.PoolingHttpClientConnectionManager - ep-00000002: executing exchange ex-00000003 over http-outgoing-0
11:43:21.798 [Test worker] DEBUG com.github.dockerjava.zerodep.shaded.org.apache.hc.client5.http.headers - http-outgoing-0 >> GET /v1.32/images/json HTTP/1.1
11:43:21.798 [Test worker] DEBUG com.github.dockerjava.zerodep.shaded.org.apache.hc.client5.http.headers - http-outgoing-0 >> accept: application/json
11:43:21.798 [Test worker] DEBUG com.github.dockerjava.zerodep.shaded.org.apache.hc.client5.http.headers - http-outgoing-0 >> x-tc-sid: b7f6c99f-5b0f-49a9-8796-94a8ae81f0d8
11:43:21.798 [Test worker] DEBUG com.github.dockerjava.zerodep.shaded.org.apache.hc.client5.http.headers - http-outgoing-0 >> Accept-Encoding: gzip, x-gzip, deflate
11:43:21.798 [Test worker] DEBUG com.github.dockerjava.zerodep.shaded.org.apache.hc.client5.http.headers - http-outgoing-0 >> Host: localhost:2375
11:43:21.798 [Test worker] DEBUG com.github.dockerjava.zerodep.shaded.org.apache.hc.client5.http.headers - http-outgoing-0 >> Connection: keep-alive
11:43:21.798 [Test worker] DEBUG com.github.dockerjava.zerodep.shaded.org.apache.hc.client5.http.headers - http-outgoing-0 >> User-Agent: Apache-HttpClient/5.0.3 (Java/17.0.6)
11:43:21.799 [Test worker] DEBUG com.github.dockerjava.zerodep.shaded.org.apache.hc.client5.http.wire - http-outgoing-0 >> "GET /v1.32/images/json HTTP/1.1[\r][\n]"
11:43:21.799 [Test worker] DEBUG com.github.dockerjava.zerodep.shaded.org.apache.hc.client5.http.wire - http-outgoing-0 >> "accept: application/json[\r][\n]"
11:43:21.799 [Test worker] DEBUG com.github.dockerjava.zerodep.shaded.org.apache.hc.client5.http.wire - http-outgoing-0 >> "x-tc-sid: b7f6c99f-5b0f-49a9-8796-94a8ae81f0d8[\r][\n]"
11:43:21.799 [Test worker] DEBUG com.github.dockerjava.zerodep.shaded.org.apache.hc.client5.http.wire - http-outgoing-0 >> "Accept-Encoding: gzip, x-gzip, deflate[\r][\n]"
11:43:21.799 [Test worker] DEBUG com.github.dockerjava.zerodep.shaded.org.apache.hc.client5.http.wire - http-outgoing-0 >> "Host: localhost:2375[\r][\n]"
11:43:21.799 [Test worker] DEBUG com.github.dockerjava.zerodep.shaded.org.apache.hc.client5.http.wire - http-outgoing-0 >> "Connection: keep-alive[\r][\n]"
11:43:21.799 [Test worker] DEBUG com.github.dockerjava.zerodep.shaded.org.apache.hc.client5.http.wire - http-outgoing-0 >> "User-Agent: Apache-HttpClient/5.0.3 (Java/17.0.6)[\r][\n]"
11:43:21.799 [Test worker] DEBUG com.github.dockerjava.zerodep.shaded.org.apache.hc.client5.http.wire - http-outgoing-0 >> "[\r][\n]"
11:43:21.822 [Test worker] DEBUG com.github.dockerjava.zerodep.shaded.org.apache.hc.client5.http.wire - http-outgoing-0 << "HTTP/1.1 200 OK[\r][\n]"
11:43:21.823 [Test worker] DEBUG com.github.dockerjava.zerodep.shaded.org.apache.hc.client5.http.wire - http-outgoing-0 << "Api-Version: 1.42[\r][\n]"
11:43:21.823 [Test worker] DEBUG com.github.dockerjava.zerodep.shaded.org.apache.hc.client5.http.wire - http-outgoing-0 << "Content-Type: application/json[\r][\n]"
11:43:21.823 [Test worker] DEBUG com.github.dockerjava.zerodep.shaded.org.apache.hc.client5.http.wire - http-outgoing-0 << "Docker-Experimental: false[\r][\n]"
11:43:21.823 [Test worker] DEBUG com.github.dockerjava.zerodep.shaded.org.apache.hc.client5.http.wire - http-outgoing-0 << "Ostype: linux[\r][\n]"
11:43:21.823 [Test worker] DEBUG com.github.dockerjava.zerodep.shaded.org.apache.hc.client5.http.wire - http-outgoing-0 << "Server: Docker/23.0.2 (linux)[\r][\n]"
11:43:21.823 [Test worker] DEBUG com.github.dockerjava.zerodep.shaded.org.apache.hc.client5.http.wire - http-outgoing-0 << "Date: Wed, 05 Apr 2023 09:43:21 GMT[\r][\n]"
11:43:21.823 [Test worker] DEBUG com.github.dockerjava.zerodep.shaded.org.apache.hc.client5.http.wire - http-outgoing-0 << "Transfer-Encoding: chunked[\r][\n]"
11:43:21.823 [Test worker] DEBUG com.github.dockerjava.zerodep.shaded.org.apache.hc.client5.http.wire - http-outgoing-0 << "[\r][\n]"
11:43:21.823 [Test worker] DEBUG com.github.dockerjava.zerodep.shaded.org.apache.hc.client5.http.wire - http-outgoing-0 << "3a9e[\r][\n]"
11:43:21.824 [Test worker] DEBUG com.github.dockerjava.zerodep.shaded.org.apache.hc.client5.http.wire - http-outgoing-0 << "[{"Containers":-1,"Created":1676090819,"Id":"sha256:6dff1269bc79a7c9056a9e9fa9c04850e842b0124a9c73d089ae647b13b0187d","Labels":null,"ParentId":"","RepoDigests":["alpine@sha256:fa26727c28837d1471c2f1524d297a0255c153b5d023d7badd1412be7e6e12a2"],"RepoTags":["alpine:3.14"],"SharedSize":-1,"Size":5608978,"VirtualSize":5608978},{"Containers":-1,"Created":1674567341,"Id":"sha256:48cea9ce24597884240b4c47fc8d18153aae15b7cea76c8cd8bd5d019bb19392","Labels":{"com.docker.compose.project":"host_docker_internal","com.docker.compose.service":"node-app","com.docker.compose.version":"2.14.2"},"ParentId":"","RepoDigests":null,"RepoTags":["node-app:latest"],"SharedSize":-1,"Size":71672604,"VirtualSize":71672604},{"Containers":-1,"Created":1674552183,"Id":"sha256:da5cdc32e194991042940d012ff94d25441ecc5473d001e22b6efa4aac23b548","Labels":{"com.docker.compose.project":"dns","com.docker.compose.service":"alpine-app-1","com.docker.compose.version":"2.14.2"},"ParentId":"","RepoDigests":null,"RepoTags":["alpine-app-1:latest"],"SharedSize":-1,"Size":14286874,"VirtualSize":14286874},{"Containers":-1,"Created":1674552183,"Id":"sha256:fa00525830f4c3fa84a398031458833e0a81ce26e67f3164b230f8ecc347a8d1","Labels":{"com.docker.compose.project":"dns","com.docker.compose.service":"alpine-app-2","com.docker.compose.version":"2.14.2"},"ParentId":"","RepoDigests":null,"RepoTags":["alpine-app-2:latest"],"SharedSize":-1,"Size":14286874,"VirtualSize":14286874},{"Containers":-1,"Created":1674402520,"Id":"sha256:b0857abb3be5ca996b1fdf301eac79a74ae62d173a16dd9664947a22a1f03fe5","Labels":{"com.docker.compose.project":"dns","com.docker.compose.service":"alpine-app-1","com.docker.compose.version":"2.14.2"},"ParentId":"","RepoDigests":null,"RepoTags":["dns-alpine-app-1:latest"],"SharedSize":-1,"Size":683513956,"VirtualSize":683513956},{"Containers":-1,"Created":1674402520,"Id":"sha256:cf5a06bbb79fbf773fd94a992d1607a276371c4e3418a7a1b4fc6bae096923b6","Labels":{"com.docker.compose.project":"static_ip","com.docker.compose.service":"first-web-app","com.docker.compose.version":"2.14.2"},"ParentId":"","RepoDigests":null,"RepoTags":["first-web-app:latest"],"SharedSize":-1,"Size":683513956,"VirtualSize":683513956},{"Containers":-1,"Created":1674402520,"Id":"sha256:a0f26e0b3876fb7d5785850c99837c0d0a20f014dc88736160dcf632470c2f01","Labels":{"com.docker.compose.project":"dns","com.docker.compose.service":"first-web-app","com.docker.compose.version":"2.14.2"},"ParentId":"","RepoDigests":null,"RepoTags":["first-app:latest"],"SharedSize":-1,"Size":683513956,"VirtualSize":683513956},{"Containers":-1,"Created":1674402520,"Id":"sha256:98a65e3822a6716596f5f7c1441bc6ec2e313872dceea084cc1e253177a22b3b","Labels":{"com.docker.compose.project":"static_ip","com.docker.compose.service":"java-app","com.docker.compose.version":"2.14.2"},"ParentId":"","RepoDigests":null,"RepoTags":["java-app:latest"],"SharedSize":-1,"Size":683513956,"VirtualSize":683513956},{"Containers":-1,"Created":1674402520,"Id":"sha256:d33569853bbc7bd0d49a02bbd25c2da434ae77f8f4e1dd82c8c3d636654251db","Labels":{"com.docker.compose.project":"dns","com.docker.compose.service":"alpine-app-2","com.docker.compose.version":"2.14.2"},"ParentId":"","RepoDigests":null,"RepoTags":["dns-alpine-app-2:latest"],"SharedSize":-1,"Size":683513956,"VirtualSize":683513956},{"Containers":-1,"Created":1674402520,"Id":"sha256:d1ced0505c833e32b35ce2c5d4c438eda4b0c4e0f7e110c6663ab6de22553d19","Labels":{"com.docker.compose.project":"host_docker_internal","com.docker.compose.service":"first-web-app","com.docker.compose.version":"2.14.2"},"ParentId":"","RepoDigests":["<none>@<none>"],"RepoTags":["<none>:<none>"],"SharedSize":-1,"Size":683513956,"VirtualSize":683513956},{"Containers":-1,"Created":1674402401,"Id":"sha256:85457f0caa2a07875d51ada3b30d1af9b4be449be1b2517c5d729fb49f53783e","Labels":{"com.docker.compose.project":"dns","com.docker.compose.service":"first-web-app","com.docker.compose.version":"2.14.2"},"ParentId":"","RepoDigests":["<none>@<none>"],"RepoTags":["<none>:<none>"],"SharedSize":-1,"Size":683513978,"VirtualSize":683513978},{"Containers":-1,"Created":1674402087,"Id":"sha256:e93a5980468a7e1ee4e0fcb344eb68952e52cae0ab23e6d698110a52c10f584c","Labels":{"com.docker.compose.project":"dns","com.docker.compose.service":"first-web-app","com.docker.compose.version":"2.14.2"},"ParentId":"","RepoDigests":["<none>@<none>"],"RepoTags":["<none>:<none>"],"SharedSize":-1,"Size":683513956,"VirtualSize":683513956},{"Containers":-1,"Created":1674401583,"Id":"sha256:ba8419cf39445d6c5bded2b82004e5060801d92bbb312d1730ebfb2cede1e015","Labels":{"com.docker.compose.project":"host_docker_internal","com.docker.compose.service":"second-web-app","com.docker.compose.version":"2.14.2"},"ParentId":"","RepoDigests":["<none>@<none>"],"RepoTags":["<none>:<none>"],"SharedSize":-1,"Size":14286505,"VirtualSize":14286505},{"Containers":-1,"Created":1674401583,"Id":"sha256:1996753ce703cf7d5b13f556d3b6665c45491784121f89e42e01e2a3cbcd8432","Labels":{"com.docker.compose.project":"static_ip","com.docker.compose.service":"alpine-app","com.docker.compose.version":"2.14.2"},"ParentId":"","RepoDigests":null,"RepoTags":["alpine-app:latest"],"SharedSize":-1,"Size":14286505,"VirtualSize":14286505},{"Containers":-1,"Created":1674401583,"Id":"sha256:80f3741f2de6274e63c21ff310558673242a97fa787d1cc5c0abc2ce06bf2a86","Labels":{"com.docker.compose.project":"static_ip","com.docker.compose.service":"second-web-app","com.docker.compose.version":"2.14.2"},"ParentId":"","RepoDigests":["<none>@<none>"],"RepoTags":["<none>:<none>"],"SharedSize":-1,"Size":14286505,"VirtualSize":14286505},{"Containers":-1,"Created":1674401583,"Id":"sha256:f941bce036c2a4e5d59c2c49dc20ac76d7d21fc4b00eb80ea597c404daa554e2","Labels":{"com.docker.compose.project":"dns","com.docker.compose.service":"second-web-app","com.docker.compose.version":"2.14.2"},"ParentId":"","RepoDigests":null,"RepoTags":["second-app:latest"],"SharedSize":-1,"Size":14286505,"VirtualSize":14286505},{"Containers":-1,"Created":1674397653,"Id":"sha256:f8732b2bc86880aa0ace83be666a4d096d5d44d58a1a1b174745cd5678e41ab7","Labels":{"com.docker.compose.project":"dns","com.docker.compose.service":"first-web-app","com.docker.compose.version":"2.14.2"},"ParentId":"","RepoDigests":["<none>@<none>"],"RepoTags":["<none>:<none>"],"SharedSize":-1,"Size":683515294,"VirtualSize":683515294},{"Containers":-1,"Created":1673958754,"Id":"sha256:5811dab6204b67da029655c889fc132bd95fb81fd1091b175d3b8d675d822971","Labels":{"com.docker.compose.project":"dns","com.docker.compose.service":"second-web-app","com.docker.compose.version":"2.14.2"},"ParentId":"","RepoDigests":null,"RepoTags":["second-web-app:latest"],"SharedSize":-1,"Size":683515147,"VirtualSize":683515147},{"Containers":-1,"Created":1673627510,"Id":"sha256:afe4ad8b89006ffd0f2a08eba3850a42e67c6f69514d410c397c01246ca6945b","Labels":null,"ParentId":"sha256:08aff599a11845bf2a6804a79b736cb7625d898c111d3dd6b31f2245cb94338c","RepoDigests":null,"RepoTags":["web-app:latest"],"SharedSize":-1,"Size":688749066,"VirtualSize":688749066},{"Containers":-1,"Created":1673606597,"Id":"sha256:fc3db9587732765f63f387fa7480ef2c7491974c8dab08645ceb5800dab7c4a8","Labels":null,"ParentId":"sha256:7d67483665e58020985fab795e3bac609a60e082d54bf5cab3910f4866116b93","RepoDigests":null,"RepoTags":["dhis2:latest"],"SharedSize":-1,"Size":181511742,"VirtualSize":181511742},{"Containers":-1,"Created":1673428557,"Id":"sha256:5f2e708d56aa0ee930aad29e8d7ca3dd7d39e89a376082df2361cdaa9f8c492b","Labels":null,"ParentId":"","RepoDigests":["redis@sha256:bb474c35022ca2c5618f4c49ca759bd2c0eea1daf5d934c560bd30092b97b498"],"RepoTags":["redis:latest"],"SharedSize":-1,"Size":116947181,"VirtualSize":116947181},{"Containers":-1,"Created":1673418669,"Id":"sha256:a99a39d070bfd1cb60fe65c45dea3a33764dc00a9546bf8dc46cb5a11b1b50e9","Labels":{"maintainer":"NGINX Docker Maintainers <docker-maint@nginx.com>"},"ParentId":"","RepoDigests":["nginx@sha256:b8f2383a95879e1ae064940d9a200f67a6c7"
11:43:21.824 [Test worker] DEBUG com.github.dockerjava.zerodep.shaded.org.apache.hc.client5.http.headers - http-outgoing-0 << HTTP/1.1 200 OK
11:43:21.824 [Test worker] DEBUG com.github.dockerjava.zerodep.shaded.org.apache.hc.client5.http.headers - http-outgoing-0 << Api-Version: 1.42
11:43:21.824 [Test worker] DEBUG com.github.dockerjava.zerodep.shaded.org.apache.hc.client5.http.headers - http-outgoing-0 << Content-Type: application/json
11:43:21.824 [Test worker] DEBUG com.github.dockerjava.zerodep.shaded.org.apache.hc.client5.http.headers - http-outgoing-0 << Docker-Experimental: false
11:43:21.824 [Test worker] DEBUG com.github.dockerjava.zerodep.shaded.org.apache.hc.client5.http.headers - http-outgoing-0 << Ostype: linux
11:43:21.824 [Test worker] DEBUG com.github.dockerjava.zerodep.shaded.org.apache.hc.client5.http.headers - http-outgoing-0 << Server: Docker/23.0.2 (linux)
11:43:21.824 [Test worker] DEBUG com.github.dockerjava.zerodep.shaded.org.apache.hc.client5.http.headers - http-outgoing-0 << Date: Wed, 05 Apr 2023 09:43:21 GMT
11:43:21.824 [Test worker] DEBUG com.github.dockerjava.zerodep.shaded.org.apache.hc.client5.http.headers - http-outgoing-0 << Transfer-Encoding: chunked
11:43:21.824 [Test worker] DEBUG com.github.dockerjava.zerodep.shaded.org.apache.hc.client5.http.impl.classic.MainClientExec - ex-00000003: connection can be kept alive for 3 MINUTES
11:43:21.832 [Test worker] DEBUG com.github.dockerjava.zerodep.shaded.org.apache.hc.client5.http.wire - http-outgoing-0 << "9e710ed82ac42263397367e7cc4e"],"RepoTags":["nginx:latest"],"SharedSize":-1,"Size":141788385,"VirtualSize":141788385},{"Containers":-1,"Created":1669613282,"Id":"sha256:314572890b7a7fc6f910d136af15657e038c4f8901e826efbec66e714bbb9348","Labels":{"maintainer":"PostGIS Project - https://postgis.net"},"ParentId":"","RepoDigests":["postgis/postgis@sha256:5686e1d7aacc61dd9bacaf1212b84e079eccb07c78d857b632c7a202d0f6e240"],"RepoTags":["postgis/postgis:11-3.3-alpine"],"SharedSize":-1,"Size":398100241,"VirtualSize":398100241},{"Containers":-1,"Created":1669613265,"Id":"sha256:cdadfc9da87fdbce972f079d80dbd6b143d26375bcace8438d07bff6c3d936e3","Labels":{"maintainer":"PostGIS Project - https://postgis.net"},"ParentId":"","RepoDigests":["postgis/postgis@sha256:d9c4507e8515cf160d3a5ae0106fa6b80931366f3985100038bbbb0c52efd263"],"RepoTags":["postgis/postgis:10-3.2-alpine"],"SharedSize":-1,"Size":249676760,"VirtualSize":249676760},{"Containers":-1,"Created":1667850394,"Id":"sha256:425eb43d689bf1f60012f2a3f8445522db12e0efa55210a9c2c2d9a15ee0ba7f","Labels":null,"ParentId":"","RepoDigests":["adoptopenjdk/openjdk11@sha256:f829f93be7762ba6662f7096a542d797091f2030628143080e7429ca7b43009c"],"RepoTags":["adoptopenjdk/openjdk11:alpine-jre"],"SharedSize":-1,"Size":149185288,"VirtualSize":149185288},{"Containers":-1,"Created":1666726631,"Id":"sha256:d8644f660df0e5af6a7c882c98a253788da4b85aa33723136277c135fbe9188b","Labels":{},"ParentId":"","RepoDigests":["kindest/node@sha256:f52781bc0d7a19fb6c405c2af83abfeb311f130707a0e219175677e366cc45d1"],"RepoTags":null,"SharedSize":-1,"Size":898064423,"VirtualSize":898064423},{"Containers":-1,"Created":1665130737,"Id":"sha256:bf7d5e64769cb73cba777c9e8980e091a5a7c0473ddad04db7807828c79130da","Labels":{"com.docker.compose.project":"exclude_subfolders","com.docker.compose.service":"node-app","com.docker.compose.version":"2.11.2"},"ParentId":"","RepoDigests":null,"RepoTags":["exclude_subfolders-node-app:latest"],"SharedSize":-1,"Size":936376355,"VirtualSize":936376355},{"Containers":-1,"Created":1665061863,"Id":"sha256:b76e1ea2a9cd87154ff7a8d5412fce13e2cea0c2a5c984c279cd1e7efdb111e2","Labels":{"com.docker.compose.project":"app","com.docker.compose.service":"node-app","com.docker.compose.version":"2.11.2"},"ParentId":"","RepoDigests":null,"RepoTags":["app-node-app:latest"],"SharedSize":-1,"Size":944022510,"VirtualSize":944022510},{"Containers":-1,"Created":1664960492,"Id":"sha256:e870a50eed97e9209ce914d949ef80d8a709fcd86fef9fdbfe4ede32f5939d70","Labels":null,"ParentId":"sha256:708a43cd0ef2bbaca41a26486203135b18bc2815caa7a95ac22c7c99300213f3","RepoDigests":null,"RepoTags":["node-docker:latest"],"SharedSize":-1,"Size":944022643,"VirtualSize":944022643},{"Containers":-1,"Created":1661753988,"Id":"sha256:8b3cb43eac76738695a5d1b4437dd4d595f1104feaa93726adc1b37d524936b8","Labels":{"maintainer":"PostGIS Project - https://postgis.net"},"ParentId":"","RepoDigests":["postgis/postgis@sha256:16e2fdabd22f3969fbb79cd84ac78f387acae678ffd03e266d8d49ba729157e7"],"RepoTags":["postgis/postgis:10-2.5-alpine"],"SharedSize":-1,"Size":214918221,"VirtualSize":214918221},{"Containers":-1,"Created":1661690872,"Id":"sha256:ef39a37f053855295f8857780c010f885baded96b4d36d768fbfa665a1c932f4","Labels":{"authors":"LocalStack Contributors","description":"LocalStack Docker image","maintainer":"LocalStack Team (info@localstack.cloud)"},"ParentId":"","RepoDigests":["localstack/localstack@sha256:9e09f84f5a4c6ed86da86c4a55606bed44a7ce6c6c30aff5637609ba5703c77f"],"RepoTags":["localstack/localstack:latest"],"SharedSize":-1,"Size":1407796627,"VirtualSize":1407796627},{"Containers":-1,"Created":1661551046,"Id":"sha256:70325c69f1fe76e7f4e62e62fb5ef4e76acb45935075cec7b4cb42a928fef78a","Labels":null,"ParentId":"","RepoDigests":["mysql@sha256:00f8c8d24e53810771fcb9e8dc8cdff3bd11ef8cddbf13f4e1443a027c5bf617"],"RepoTags":["mysql:latest"],"SharedSize":-1,"Size":446648760,"VirtualSize":446648760},{"Containers":-1,"Created":1661454281,"Id":"sha256:a3c1334134aafd75500fbfe5cddbc0bde4d628725cb074bf988edbbad2cf0acc","Labels":null,"ParentId":"","RepoDigests":["mongo@sha256:3f5930850894e023a36a670412445991dbe814c6fc356155ba933137c37e9a42"],"RepoTags":["mongo:latest"],"SharedSize":-1,"Size":693171547,"VirtualSize":693171547},{"Containers":-1,"Created":1661353642,"Id":"sha256:8b00c1dea37595b8b4a4fe959e19ef2d353a93e8554a23f23c6127057f9e346f","Labels":{"maintainer":"PostGIS Project - https://postgis.net"},"ParentId":"","RepoDigests":["postgis/postgis@sha256:2b3bdd80f9c7319c483cc7735d51065f0e7b5b916e2e056c2d9a8a9985e82553"],"RepoTags":["postgis/postgis:latest"],"SharedSize":-1,"Size":574494979,"VirtualSize":574494979},{"Containers":-1,"Created":1659419532,"Id":"sha256:47a932d998b743b9b0bcce55aa8ede77de94a6a183c8a67dec9d5e3b8ce0faa7","Labels":null,"ParentId":"","RepoDigests":["openjdk@sha256:99bac5bf83633e3c7399aed725c8415e7b569b54e03e4599e580fc9cdb7c21ab"],"RepoTags":["openjdk:11"],"SharedSize":-1,"Size":654131060,"VirtualSize":654131060},{"Containers":-1,"Created":1659017178,"Id":"sha256:7ac27de2f0c441174e7e12a105f876493b902ffd7bbb2a3646aa929c08cc3806","Labels":null,"ParentId":"","RepoDigests":["testcontainers/ryuk@sha256:0c8faa0a3ad1e154f9d8d5d78627b40d7359ff3f7d3f98556aa32157ad8fd924"],"RepoTags":["testcontainers/ryuk:0.3.4"],"SharedSize":-1,"Size":11957841,"VirtualSize":11957841},{"Containers":-1,"Created":1634200477,"Id":"sha256:64f4b02dc9864d9621d248e55835408a03b3cd8239b790e610c71c29ea45a3b9","Labels":null,"ParentId":"","RepoDigests":["testcontainers/ryuk@sha256:d50c04005142e165182b2e408d0c76f3cc38ca4db4af14125ce1b938820e5cef"],"RepoTags":["testcontainers/ryuk:0.3.3"],"SharedSize":-1,"Size":11963843,"VirtualSize":11963843},{"Containers":-1,"Created":1632440877,"Id":"sha256:feb5d9fea6a5e9606aa995e879d862b825965ba48de054caab5ef356dc6b3412","Labels":null,"ParentId":"","RepoDigests":["hello-world@sha256:aa0cc8055b82dc2509bed2e19b275c8f463506616377219d9642221ab53cf9fe"],"RepoTags":["hello-world:latest"],"SharedSize":-1,"Size":13256,"VirtualSize":13256},{"Containers":-1,"Created":1592512311,"Id":"sha256:f5be1883c8e00843c9f799b08254d6b92fe6f4b0fef98e335052277d54f9e6aa","Labels":null,"ParentId":"","RepoDigests":["node@sha256:2b85f4981f92ee034b51a3c8bb22dbb451d650d5c12b6439a169f8adc750e4b6"],"RepoTags":["node:12.18.1"],"SharedSize":-1,"Size":917953162,"VirtualSize":917953162},{"Containers":-1,"Created":1591428546,"Id":"sha256:03cb4444a82d699511e9692ca346e10cf2fa2911d0d1cac9aed31993eccf2f91","Labels":null,"ParentId":"","RepoDigests":["testcontainers/ryuk@sha256:539addd152cc4fc2b6b5bba7fd15b32086e82f558ca09402a75b02f8d80374cb"],"RepoTags":["testcontainers/ryuk:0.3.0"],"SharedSize":-1,"Size":11934193,"VirtualSize":11934193},{"Containers":-1,"Created":1553135828,"Id":"sha256:d8b6973b1142cff2120ed25e952344f03cb7e72c402b4ae9ada07beb3d093406","Labels":null,"ParentId":"","RepoDigests":["mdillon/postgis@sha256:e61a4a6c162e29c7ecba87bdd1df2503803d8f2b5278ec986b1b74943c53e4f2"],"RepoTags":["mdillon/postgis:10"],"SharedSize":-1,"Size":624837749,"VirtualSize":624837749}][\n]"
11:43:21.836 [Test worker] DEBUG com.github.dockerjava.zerodep.shaded.org.apache.hc.client5.http.wire - http-outgoing-0 << "[\r][\n]"
11:43:21.836 [Test worker] DEBUG com.github.dockerjava.zerodep.shaded.org.apache.hc.client5.http.wire - http-outgoing-0 << "0[\r][\n]"
11:43:21.836 [Test worker] DEBUG com.github.dockerjava.zerodep.shaded.org.apache.hc.client5.http.wire - http-outgoing-0 << "[\r][\n]"
11:43:21.836 [Test worker] DEBUG com.github.dockerjava.zerodep.shaded.org.apache.hc.client5.http.impl.classic.InternalHttpClient - ep-00000002: releasing valid endpoint
11:43:21.836 [Test worker] DEBUG com.github.dockerjava.zerodep.shaded.org.apache.hc.client5.http.impl.io.PoolingHttpClientConnectionManager - ep-00000002: releasing endpoint
11:43:21.836 [Test worker] DEBUG com.github.dockerjava.zerodep.shaded.org.apache.hc.client5.http.impl.io.PoolingHttpClientConnectionManager - ep-00000002: connection http-outgoing-0 can be kept alive for 3 MINUTES
11:43:21.836 [Test worker] DEBUG com.github.dockerjava.zerodep.shaded.org.apache.hc.client5.http.impl.io.PoolingHttpClientConnectionManager - ep-00000002: connection released [route: {}->unix://localhost:2375][total available: 1; route allocated: 1 of 2147483647; total allocated: 1 of 2147483647]
11:43:21.838 [Test worker] DEBUG org.testcontainers.images.LocalImagesCache - repoTags is null, skipping image: Image(created=1666726631, id=sha256:d8644f660df0e5af6a7c882c98a253788da4b85aa33723136277c135fbe9188b, parentId=, repoTags=null, repoDigests=[kindest/node@sha256:f52781bc0d7a19fb6c405c2af83abfeb311f130707a0e219175677e366cc45d1], size=898064423, virtualSize=898064423, sharedSize=-1, labels={}, containers=-1)
11:43:21.839 [Test worker] DEBUG org.testcontainers.images.AbstractImagePullPolicy - Using locally available and not pulling image: testcontainers/ryuk:0.3.3
11:43:21.839 [Test worker] DEBUG ]]>&#x1f433;<![CDATA[ [testcontainers/ryuk:0.3.3] - Starting container: testcontainers/ryuk:0.3.3
11:43:21.840 [Test worker] DEBUG ]]>&#x1f433;<![CDATA[ [testcontainers/ryuk:0.3.3] - Trying to start container: testcontainers/ryuk:0.3.3 (attempt 1/1)
11:43:21.840 [Test worker] DEBUG ]]>&#x1f433;<![CDATA[ [testcontainers/ryuk:0.3.3] - Starting container: testcontainers/ryuk:0.3.3
11:43:21.840 [Test worker] INFO ]]>&#x1f433;<![CDATA[ [testcontainers/ryuk:0.3.3] - Creating container for image: testcontainers/ryuk:0.3.3
11:43:21.844 [Test worker] DEBUG org.testcontainers.utility.RegistryAuthLocator - Looking up auth config for image: testcontainers/ryuk:0.3.3 at registry: https://index.docker.io/v1/
11:43:21.845 [Test worker] DEBUG org.testcontainers.utility.RegistryAuthLocator - RegistryAuthLocator has configFile: /home/luca/.docker/config.json (does not exist) and commandPathPrefix: 
11:43:21.845 [Test worker] INFO org.testcontainers.utility.RegistryAuthLocator - Failure when attempting to lookup auth config. Please ignore if you don't have images in an authenticated registry. Details: (dockerImageName: testcontainers/ryuk:0.3.3, configFile: /home/luca/.docker/config.json. Falling back to docker-java default behaviour. Exception message: /home/luca/.docker/config.json (No such file or directory)
11:43:21.845 [Test worker] DEBUG org.testcontainers.utility.RegistryAuthLocator - No matching Auth Configs - falling back to defaultAuthConfig [null]
11:43:21.845 [Test worker] DEBUG org.testcontainers.dockerclient.AuthDelegatingDockerClientConfig - Effective auth config [null]
11:43:21.851 [Test worker] DEBUG org.testcontainers.shaded.com.github.dockerjava.core.command.AbstrDockerCmd - Cmd: org.testcontainers.shaded.com.github.dockerjava.core.command.CreateContainerCmdImpl@1d15c0a1[aliases=<null>,argsEscaped=<null>,attachStderr=<null>,attachStdin=<null>,attachStdout=<null>,authConfig=<null>,cmd={},domainName=<null>,entrypoint=<null>,env={},exposedPorts=ExposedPorts(exposedPorts=[8080/tcp]),healthcheck=<null>,hostConfig=HostConfig(binds=[/var/run/docker.sock:/var/run/docker.sock:rw], blkioWeight=null, blkioWeightDevice=null, blkioDeviceReadBps=null, blkioDeviceWriteBps=null, blkioDeviceReadIOps=null, blkioDeviceWriteIOps=null, memorySwappiness=null, nanoCPUs=null, capAdd=null, capDrop=null, containerIDFile=null, cpuPeriod=null, cpuRealtimePeriod=null, cpuRealtimeRuntime=null, cpuShares=null, cpuQuota=null, cpusetCpus=null, cpusetMems=null, devices=null, deviceCgroupRules=null, deviceRequests=null, diskQuota=null, dns=null, dnsOptions=null, dnsSearch=null, extraHosts=[], groupAdd=null, ipcMode=null, cgroup=null, links=[], logConfig=LogConfig(type=null, config=null), lxcConf=null, memory=null, memorySwap=null, memoryReservation=null, kernelMemory=null, networkMode=null, oomKillDisable=null, init=null, autoRemove=true, oomScoreAdj=null, portBindings={8080/tcp=[Lcom.github.dockerjava.api.model.Ports$Binding;@49c099b}, privileged=false, publishAllPorts=null, readonlyRootfs=null, restartPolicy=null, ulimits=null, cpuCount=null, cpuPercent=null, ioMaximumIOps=null, ioMaximumBandwidth=null, volumesFrom=[], mounts=null, pidMode=null, isolation=null, securityOpts=null, storageOpt=null, cgroupParent=null, volumeDriver=null, shmSize=null, pidsLimit=null, runtime=null, tmpFs=null, utSMode=null, usernsMode=null, sysctls=null, consoleSize=null, cgroupnsMode=null),hostName=<null>,image=testcontainers/ryuk:0.3.3,ipv4Address=<null>,ipv6Address=<null>,labels={org.testcontainers=true},macAddress=<null>,name=testcontainers-ryuk-b7f6c99f-5b0f-49a9-8796-94a8ae81f0d8,networkDisabled=<null>,networkingConfig=<null>,onBuild=<null>,platform=<null>,portSpecs=<null>,shell=<null>,stdInOnce=<null>,stdinOpen=<null>,stopSignal=<null>,stopTimeout=<null>,tty=<null>,user=<null>,volumes=Volumes(volumes=[]),workingDir=<null>]
11:43:21.912 [Test worker] DEBUG com.github.dockerjava.zerodep.shaded.org.apache.hc.client5.http.impl.classic.InternalHttpClient - ex-00000004: preparing request execution
11:43:21.912 [Test worker] DEBUG com.github.dockerjava.zerodep.shaded.org.apache.hc.client5.http.protocol.RequestAddCookies - Cookie spec selected: strict
11:43:21.913 [Test worker] DEBUG com.github.dockerjava.zerodep.shaded.org.apache.hc.client5.http.protocol.RequestAuthCache - Auth cache not set in the context
11:43:21.913 [Test worker] DEBUG com.github.dockerjava.zerodep.shaded.org.apache.hc.client5.http.impl.classic.ProtocolExec - ex-00000004: target auth state: UNCHALLENGED
11:43:21.913 [Test worker] DEBUG com.github.dockerjava.zerodep.shaded.org.apache.hc.client5.http.impl.classic.ProtocolExec - ex-00000004: proxy auth state: UNCHALLENGED
11:43:21.913 [Test worker] DEBUG com.github.dockerjava.zerodep.shaded.org.apache.hc.client5.http.impl.classic.ConnectExec - ex-00000004: acquiring connection with route {}->unix://localhost:2375
11:43:21.913 [Test worker] DEBUG com.github.dockerjava.zerodep.shaded.org.apache.hc.client5.http.impl.classic.InternalHttpClient - ex-00000004: acquiring endpoint (3 MINUTES)
11:43:21.913 [Test worker] DEBUG com.github.dockerjava.zerodep.shaded.org.apache.hc.client5.http.impl.io.PoolingHttpClientConnectionManager - ex-00000004: endpoint lease request (3 MINUTES) [route: {}->unix://localhost:2375][total available: 1; route allocated: 1 of 2147483647; total allocated: 1 of 2147483647]
11:43:21.913 [Test worker] DEBUG com.github.dockerjava.zerodep.shaded.org.apache.hc.client5.http.impl.io.PoolingHttpClientConnectionManager - ex-00000004: endpoint leased [route: {}->unix://localhost:2375][total available: 0; route allocated: 1 of 2147483647; total allocated: 1 of 2147483647]
11:43:21.913 [Test worker] DEBUG com.github.dockerjava.zerodep.shaded.org.apache.hc.client5.http.impl.io.PoolingHttpClientConnectionManager - ex-00000004: acquired ep-00000003
11:43:21.913 [Test worker] DEBUG com.github.dockerjava.zerodep.shaded.org.apache.hc.client5.http.impl.classic.InternalHttpClient - ex-00000004: acquired endpoint ep-00000003
11:43:21.913 [Test worker] DEBUG com.github.dockerjava.zerodep.shaded.org.apache.hc.client5.http.impl.classic.MainClientExec - ex-00000004: executing POST /v1.32/containers/create?name=testcontainers-ryuk-b7f6c99f-5b0f-49a9-8796-94a8ae81f0d8 HTTP/1.1
11:43:21.914 [Test worker] DEBUG com.github.dockerjava.zerodep.shaded.org.apache.hc.client5.http.impl.classic.InternalHttpClient - ep-00000003: start execution ex-00000004
11:43:21.914 [Test worker] DEBUG com.github.dockerjava.zerodep.shaded.org.apache.hc.client5.http.impl.io.PoolingHttpClientConnectionManager - ep-00000003: executing exchange ex-00000004 over http-outgoing-0
11:43:21.914 [Test worker] DEBUG com.github.dockerjava.zerodep.shaded.org.apache.hc.client5.http.headers - http-outgoing-0 >> POST /v1.32/containers/create?name=testcontainers-ryuk-b7f6c99f-5b0f-49a9-8796-94a8ae81f0d8 HTTP/1.1
11:43:21.914 [Test worker] DEBUG com.github.dockerjava.zerodep.shaded.org.apache.hc.client5.http.headers - http-outgoing-0 >> accept: application/json
11:43:21.914 [Test worker] DEBUG com.github.dockerjava.zerodep.shaded.org.apache.hc.client5.http.headers - http-outgoing-0 >> content-type: application/json
11:43:21.914 [Test worker] DEBUG com.github.dockerjava.zerodep.shaded.org.apache.hc.client5.http.headers - http-outgoing-0 >> x-tc-sid: b7f6c99f-5b0f-49a9-8796-94a8ae81f0d8
11:43:21.914 [Test worker] DEBUG com.github.dockerjava.zerodep.shaded.org.apache.hc.client5.http.headers - http-outgoing-0 >> Accept-Encoding: gzip, x-gzip, deflate
11:43:21.914 [Test worker] DEBUG com.github.dockerjava.zerodep.shaded.org.apache.hc.client5.http.headers - http-outgoing-0 >> Content-Length: 1884
11:43:21.914 [Test worker] DEBUG com.github.dockerjava.zerodep.shaded.org.apache.hc.client5.http.headers - http-outgoing-0 >> Host: localhost:2375
11:43:21.914 [Test worker] DEBUG com.github.dockerjava.zerodep.shaded.org.apache.hc.client5.http.headers - http-outgoing-0 >> Connection: keep-alive
11:43:21.914 [Test worker] DEBUG com.github.dockerjava.zerodep.shaded.org.apache.hc.client5.http.headers - http-outgoing-0 >> User-Agent: Apache-HttpClient/5.0.3 (Java/17.0.6)
11:43:21.915 [Test worker] DEBUG com.github.dockerjava.zerodep.shaded.org.apache.hc.client5.http.wire - http-outgoing-0 >> "POST /v1.32/containers/create?name=testcontainers-ryuk-b7f6c99f-5b0f-49a9-8796-94a8ae81f0d8 HTTP/1.1[\r][\n]"
11:43:21.915 [Test worker] DEBUG com.github.dockerjava.zerodep.shaded.org.apache.hc.client5.http.wire - http-outgoing-0 >> "accept: application/json[\r][\n]"
11:43:21.915 [Test worker] DEBUG com.github.dockerjava.zerodep.shaded.org.apache.hc.client5.http.wire - http-outgoing-0 >> "content-type: application/json[\r][\n]"
11:43:21.915 [Test worker] DEBUG com.github.dockerjava.zerodep.shaded.org.apache.hc.client5.http.wire - http-outgoing-0 >> "x-tc-sid: b7f6c99f-5b0f-49a9-8796-94a8ae81f0d8[\r][\n]"
11:43:21.915 [Test worker] DEBUG com.github.dockerjava.zerodep.shaded.org.apache.hc.client5.http.wire - http-outgoing-0 >> "Accept-Encoding: gzip, x-gzip, deflate[\r][\n]"
11:43:21.915 [Test worker] DEBUG com.github.dockerjava.zerodep.shaded.org.apache.hc.client5.http.wire - http-outgoing-0 >> "Content-Length: 1884[\r][\n]"
11:43:21.915 [Test worker] DEBUG com.github.dockerjava.zerodep.shaded.org.apache.hc.client5.http.wire - http-outgoing-0 >> "Host: localhost:2375[\r][\n]"
11:43:21.915 [Test worker] DEBUG com.github.dockerjava.zerodep.shaded.org.apache.hc.client5.http.wire - http-outgoing-0 >> "Connection: keep-alive[\r][\n]"
11:43:21.915 [Test worker] DEBUG com.github.dockerjava.zerodep.shaded.org.apache.hc.client5.http.wire - http-outgoing-0 >> "User-Agent: Apache-HttpClient/5.0.3 (Java/17.0.6)[\r][\n]"
11:43:21.915 [Test worker] DEBUG com.github.dockerjava.zerodep.shaded.org.apache.hc.client5.http.wire - http-outgoing-0 >> "[\r][\n]"
11:43:21.915 [Test worker] DEBUG com.github.dockerjava.zerodep.shaded.org.apache.hc.client5.http.wire - http-outgoing-0 >> "{"Hostname":null,"Domainname":null,"User":null,"AttachStdin":null,"AttachStdout":null,"AttachStderr":null,"PortSpecs":null,"Tty":null,"OpenStdin":null,"StdinOnce":null,"Env":[],"Cmd":[],"Healthcheck":null,"ArgsEscaped":null,"Entrypoint":null,"Image":"testcontainers/ryuk:0.3.3","Volumes":{},"WorkingDir":null,"MacAddress":null,"OnBuild":null,"NetworkDisabled":null,"ExposedPorts":{"8080/tcp":{}},"StopSignal":null,"StopTimeout":null,"HostConfig":{"Binds":["/var/run/docker.sock:/var/run/docker.sock:rw"],"BlkioWeight":null,"BlkioWeightDevice":null,"BlkioDeviceReadBps":null,"BlkioDeviceWriteBps":null,"BlkioDeviceReadIOps":null,"BlkioDeviceWriteIOps":null,"MemorySwappiness":null,"NanoCpus":null,"CapAdd":null,"CapDrop":null,"ContainerIDFile":null,"CpuPeriod":null,"CpuRealtimePeriod":null,"CpuRealtimeRuntime":null,"CpuShares":null,"CpuQuota":null,"CpusetCpus":null,"CpusetMems":null,"Devices":null,"DeviceCgroupRules":null,"DeviceRequests":null,"DiskQuota":null,"Dns":null,"DnsOptions":null,"DnsSearch":null,"ExtraHosts":[],"GroupAdd":null,"IpcMode":null,"Cgroup":null,"Links":[],"LogConfig":null,"LxcConf":null,"Memory":null,"MemorySwap":null,"MemoryReservation":null,"KernelMemory":null,"NetworkMode":null,"OomKillDisable":null,"Init":null,"AutoRemove":true,"OomScoreAdj":null,"PortBindings":{"8080/tcp":[{"HostIp":"","HostPort":""}]},"Privileged":false,"PublishAllPorts":null,"ReadonlyRootfs":null,"RestartPolicy":null,"Ulimits":null,"CpuCount":null,"CpuPercent":null,"IOMaximumIOps":null,"IOMaximumBandwidth":null,"VolumesFrom":[],"Mounts":null,"PidMode":null,"Isolation":null,"SecurityOpt":null,"StorageOpt":null,"CgroupParent":null,"VolumeDriver":null,"ShmSize":null,"PidsLimit":null,"Runtime":null,"Tmpfs":null,"UTSMode":null,"UsernsMode":null,"Sysctls":null,"ConsoleSize":null,"CgroupnsMode":null},"Labels":{"org.testcontainers":"true"},"Shell":null,"NetworkingConfig":null}"
11:43:21.932 [Test worker] DEBUG com.github.dockerjava.zerodep.shaded.org.apache.hc.client5.http.wire - http-outgoing-0 << "HTTP/1.1 201 Created[\r][\n]"
11:43:21.932 [Test worker] DEBUG com.github.dockerjava.zerodep.shaded.org.apache.hc.client5.http.wire - http-outgoing-0 << "Api-Version: 1.42[\r][\n]"
11:43:21.932 [Test worker] DEBUG com.github.dockerjava.zerodep.shaded.org.apache.hc.client5.http.wire - http-outgoing-0 << "Content-Type: application/json[\r][\n]"
11:43:21.932 [Test worker] DEBUG com.github.dockerjava.zerodep.shaded.org.apache.hc.client5.http.wire - http-outgoing-0 << "Docker-Experimental: false[\r][\n]"
11:43:21.932 [Test worker] DEBUG com.github.dockerjava.zerodep.shaded.org.apache.hc.client5.http.wire - http-outgoing-0 << "Ostype: linux[\r][\n]"
11:43:21.932 [Test worker] DEBUG com.github.dockerjava.zerodep.shaded.org.apache.hc.client5.http.wire - http-outgoing-0 << "Server: Docker/23.0.2 (linux)[\r][\n]"
11:43:21.932 [Test worker] DEBUG com.github.dockerjava.zerodep.shaded.org.apache.hc.client5.http.wire - http-outgoing-0 << "Date: Wed, 05 Apr 2023 09:43:21 GMT[\r][\n]"
11:43:21.932 [Test worker] DEBUG com.github.dockerjava.zerodep.shaded.org.apache.hc.client5.http.wire - http-outgoing-0 << "Content-Length: 88[\r][\n]"
11:43:21.932 [Test worker] DEBUG com.github.dockerjava.zerodep.shaded.org.apache.hc.client5.http.wire - http-outgoing-0 << "[\r][\n]"
11:43:21.932 [Test worker] DEBUG com.github.dockerjava.zerodep.shaded.org.apache.hc.client5.http.wire - http-outgoing-0 << "{"Id":"28e30e874f297a45953cb97b2c78048afe4f78cdffe46d34f6e50033f1316710","Warnings":[]}[\n]"
11:43:21.932 [Test worker] DEBUG com.github.dockerjava.zerodep.shaded.org.apache.hc.client5.http.headers - http-outgoing-0 << HTTP/1.1 201 Created
11:43:21.933 [Test worker] DEBUG com.github.dockerjava.zerodep.shaded.org.apache.hc.client5.http.headers - http-outgoing-0 << Api-Version: 1.42
11:43:21.933 [Test worker] DEBUG com.github.dockerjava.zerodep.shaded.org.apache.hc.client5.http.headers - http-outgoing-0 << Content-Type: application/json
11:43:21.933 [Test worker] DEBUG com.github.dockerjava.zerodep.shaded.org.apache.hc.client5.http.headers - http-outgoing-0 << Docker-Experimental: false
11:43:21.933 [Test worker] DEBUG com.github.dockerjava.zerodep.shaded.org.apache.hc.client5.http.headers - http-outgoing-0 << Ostype: linux
11:43:21.933 [Test worker] DEBUG com.github.dockerjava.zerodep.shaded.org.apache.hc.client5.http.headers - http-outgoing-0 << Server: Docker/23.0.2 (linux)
11:43:21.933 [Test worker] DEBUG com.github.dockerjava.zerodep.shaded.org.apache.hc.client5.http.headers - http-outgoing-0 << Date: Wed, 05 Apr 2023 09:43:21 GMT
11:43:21.933 [Test worker] DEBUG com.github.dockerjava.zerodep.shaded.org.apache.hc.client5.http.headers - http-outgoing-0 << Content-Length: 88
11:43:21.933 [Test worker] DEBUG com.github.dockerjava.zerodep.shaded.org.apache.hc.client5.http.impl.classic.MainClientExec - ex-00000004: connection can be kept alive for 3 MINUTES
11:43:21.935 [Test worker] DEBUG com.github.dockerjava.zerodep.shaded.org.apache.hc.client5.http.impl.classic.InternalHttpClient - ep-00000003: releasing valid endpoint
11:43:21.936 [Test worker] DEBUG com.github.dockerjava.zerodep.shaded.org.apache.hc.client5.http.impl.io.PoolingHttpClientConnectionManager - ep-00000003: releasing endpoint
11:43:21.936 [Test worker] DEBUG com.github.dockerjava.zerodep.shaded.org.apache.hc.client5.http.impl.io.PoolingHttpClientConnectionManager - ep-00000003: connection http-outgoing-0 can be kept alive for 3 MINUTES
11:43:21.936 [Test worker] DEBUG com.github.dockerjava.zerodep.shaded.org.apache.hc.client5.http.impl.io.PoolingHttpClientConnectionManager - ep-00000003: connection released [route: {}->unix://localhost:2375][total available: 1; route allocated: 1 of 2147483647; total allocated: 1 of 2147483647]
11:43:21.938 [Test worker] INFO ]]>&#x1f433;<![CDATA[ [testcontainers/ryuk:0.3.3] - Container testcontainers/ryuk:0.3.3 is starting: 28e30e874f297a45953cb97b2c78048afe4f78cdffe46d34f6e50033f1316710
11:43:21.939 [Test worker] DEBUG org.testcontainers.shaded.com.github.dockerjava.core.command.AbstrDockerCmd - Cmd: 28e30e874f297a45953cb97b2c78048afe4f78cdffe46d34f6e50033f1316710
11:43:21.940 [Test worker] DEBUG com.github.dockerjava.zerodep.shaded.org.apache.hc.client5.http.impl.classic.InternalHttpClient - ex-00000005: preparing request execution
11:43:21.940 [Test worker] DEBUG com.github.dockerjava.zerodep.shaded.org.apache.hc.client5.http.protocol.RequestAddCookies - Cookie spec selected: strict
11:43:21.940 [Test worker] DEBUG com.github.dockerjava.zerodep.shaded.org.apache.hc.client5.http.protocol.RequestAuthCache - Auth cache not set in the context
11:43:21.940 [Test worker] DEBUG com.github.dockerjava.zerodep.shaded.org.apache.hc.client5.http.impl.classic.ProtocolExec - ex-00000005: target auth state: UNCHALLENGED
11:43:21.940 [Test worker] DEBUG com.github.dockerjava.zerodep.shaded.org.apache.hc.client5.http.impl.classic.ProtocolExec - ex-00000005: proxy auth state: UNCHALLENGED
11:43:21.940 [Test worker] DEBUG com.github.dockerjava.zerodep.shaded.org.apache.hc.client5.http.impl.classic.ConnectExec - ex-00000005: acquiring connection with route {}->unix://localhost:2375
11:43:21.940 [Test worker] DEBUG com.github.dockerjava.zerodep.shaded.org.apache.hc.client5.http.impl.classic.InternalHttpClient - ex-00000005: acquiring endpoint (3 MINUTES)
11:43:21.940 [Test worker] DEBUG com.github.dockerjava.zerodep.shaded.org.apache.hc.client5.http.impl.io.PoolingHttpClientConnectionManager - ex-00000005: endpoint lease request (3 MINUTES) [route: {}->unix://localhost:2375][total available: 1; route allocated: 1 of 2147483647; total allocated: 1 of 2147483647]
11:43:21.941 [Test worker] DEBUG com.github.dockerjava.zerodep.shaded.org.apache.hc.client5.http.impl.io.PoolingHttpClientConnectionManager - ex-00000005: endpoint leased [route: {}->unix://localhost:2375][total available: 0; route allocated: 1 of 2147483647; total allocated: 1 of 2147483647]
11:43:21.941 [Test worker] DEBUG com.github.dockerjava.zerodep.shaded.org.apache.hc.client5.http.impl.io.PoolingHttpClientConnectionManager - ex-00000005: acquired ep-00000004
11:43:21.941 [Test worker] DEBUG com.github.dockerjava.zerodep.shaded.org.apache.hc.client5.http.impl.classic.InternalHttpClient - ex-00000005: acquired endpoint ep-00000004
11:43:21.941 [Test worker] DEBUG com.github.dockerjava.zerodep.shaded.org.apache.hc.client5.http.impl.classic.MainClientExec - ex-00000005: executing POST /v1.32/containers/28e30e874f297a45953cb97b2c78048afe4f78cdffe46d34f6e50033f1316710/start HTTP/1.1
11:43:21.941 [Test worker] DEBUG com.github.dockerjava.zerodep.shaded.org.apache.hc.client5.http.impl.classic.InternalHttpClient - ep-00000004: start execution ex-00000005
11:43:21.941 [Test worker] DEBUG com.github.dockerjava.zerodep.shaded.org.apache.hc.client5.http.impl.io.PoolingHttpClientConnectionManager - ep-00000004: executing exchange ex-00000005 over http-outgoing-0
11:43:21.941 [Test worker] DEBUG com.github.dockerjava.zerodep.shaded.org.apache.hc.client5.http.headers - http-outgoing-0 >> POST /v1.32/containers/28e30e874f297a45953cb97b2c78048afe4f78cdffe46d34f6e50033f1316710/start HTTP/1.1
11:43:21.941 [Test worker] DEBUG com.github.dockerjava.zerodep.shaded.org.apache.hc.client5.http.headers - http-outgoing-0 >> accept: application/json
11:43:21.941 [Test worker] DEBUG com.github.dockerjava.zerodep.shaded.org.apache.hc.client5.http.headers - http-outgoing-0 >> content-type: application/json
11:43:21.941 [Test worker] DEBUG com.github.dockerjava.zerodep.shaded.org.apache.hc.client5.http.headers - http-outgoing-0 >> x-tc-sid: b7f6c99f-5b0f-49a9-8796-94a8ae81f0d8
11:43:21.941 [Test worker] DEBUG com.github.dockerjava.zerodep.shaded.org.apache.hc.client5.http.headers - http-outgoing-0 >> Accept-Encoding: gzip, x-gzip, deflate
11:43:21.941 [Test worker] DEBUG com.github.dockerjava.zerodep.shaded.org.apache.hc.client5.http.headers - http-outgoing-0 >> Host: localhost:2375
11:43:21.942 [Test worker] DEBUG com.github.dockerjava.zerodep.shaded.org.apache.hc.client5.http.headers - http-outgoing-0 >> Connection: keep-alive
11:43:21.942 [Test worker] DEBUG com.github.dockerjava.zerodep.shaded.org.apache.hc.client5.http.headers - http-outgoing-0 >> User-Agent: Apache-HttpClient/5.0.3 (Java/17.0.6)
11:43:21.942 [Test worker] DEBUG com.github.dockerjava.zerodep.shaded.org.apache.hc.client5.http.wire - http-outgoing-0 >> "POST /v1.32/containers/28e30e874f297a45953cb97b2c78048afe4f78cdffe46d34f6e50033f1316710/start HTTP/1.1[\r][\n]"
11:43:21.942 [Test worker] DEBUG com.github.dockerjava.zerodep.shaded.org.apache.hc.client5.http.wire - http-outgoing-0 >> "accept: application/json[\r][\n]"
11:43:21.942 [Test worker] DEBUG com.github.dockerjava.zerodep.shaded.org.apache.hc.client5.http.wire - http-outgoing-0 >> "content-type: application/json[\r][\n]"
11:43:21.942 [Test worker] DEBUG com.github.dockerjava.zerodep.shaded.org.apache.hc.client5.http.wire - http-outgoing-0 >> "x-tc-sid: b7f6c99f-5b0f-49a9-8796-94a8ae81f0d8[\r][\n]"
11:43:21.942 [Test worker] DEBUG com.github.dockerjava.zerodep.shaded.org.apache.hc.client5.http.wire - http-outgoing-0 >> "Accept-Encoding: gzip, x-gzip, deflate[\r][\n]"
11:43:21.942 [Test worker] DEBUG com.github.dockerjava.zerodep.shaded.org.apache.hc.client5.http.wire - http-outgoing-0 >> "Host: localhost:2375[\r][\n]"
11:43:21.942 [Test worker] DEBUG com.github.dockerjava.zerodep.shaded.org.apache.hc.client5.http.wire - http-outgoing-0 >> "Connection: keep-alive[\r][\n]"
11:43:21.942 [Test worker] DEBUG com.github.dockerjava.zerodep.shaded.org.apache.hc.client5.http.wire - http-outgoing-0 >> "User-Agent: Apache-HttpClient/5.0.3 (Java/17.0.6)[\r][\n]"
11:43:21.942 [Test worker] DEBUG com.github.dockerjava.zerodep.shaded.org.apache.hc.client5.http.wire - http-outgoing-0 >> "[\r][\n]"
11:43:22.236 [Test worker] DEBUG com.github.dockerjava.zerodep.shaded.org.apache.hc.client5.http.wire - http-outgoing-0 << "HTTP/1.1 204 No Content[\r][\n]"
11:43:22.237 [Test worker] DEBUG com.github.dockerjava.zerodep.shaded.org.apache.hc.client5.http.wire - http-outgoing-0 << "Api-Version: 1.42[\r][\n]"
11:43:22.237 [Test worker] DEBUG com.github.dockerjava.zerodep.shaded.org.apache.hc.client5.http.wire - http-outgoing-0 << "Docker-Experimental: false[\r][\n]"
11:43:22.237 [Test worker] DEBUG com.github.dockerjava.zerodep.shaded.org.apache.hc.client5.http.wire - http-outgoing-0 << "Ostype: linux[\r][\n]"
11:43:22.237 [Test worker] DEBUG com.github.dockerjava.zerodep.shaded.org.apache.hc.client5.http.wire - http-outgoing-0 << "Server: Docker/23.0.2 (linux)[\r][\n]"
11:43:22.237 [Test worker] DEBUG com.github.dockerjava.zerodep.shaded.org.apache.hc.client5.http.wire - http-outgoing-0 << "Date: Wed, 05 Apr 2023 09:43:22 GMT[\r][\n]"
11:43:22.237 [Test worker] DEBUG com.github.dockerjava.zerodep.shaded.org.apache.hc.client5.http.wire - http-outgoing-0 << "[\r][\n]"
11:43:22.237 [Test worker] DEBUG com.github.dockerjava.zerodep.shaded.org.apache.hc.client5.http.headers - http-outgoing-0 << HTTP/1.1 204 No Content
11:43:22.237 [Test worker] DEBUG com.github.dockerjava.zerodep.shaded.org.apache.hc.client5.http.headers - http-outgoing-0 << Api-Version: 1.42
11:43:22.237 [Test worker] DEBUG com.github.dockerjava.zerodep.shaded.org.apache.hc.client5.http.headers - http-outgoing-0 << Docker-Experimental: false
11:43:22.237 [Test worker] DEBUG com.github.dockerjava.zerodep.shaded.org.apache.hc.client5.http.headers - http-outgoing-0 << Ostype: linux
11:43:22.237 [Test worker] DEBUG com.github.dockerjava.zerodep.shaded.org.apache.hc.client5.http.headers - http-outgoing-0 << Server: Docker/23.0.2 (linux)
11:43:22.237 [Test worker] DEBUG com.github.dockerjava.zerodep.shaded.org.apache.hc.client5.http.headers - http-outgoing-0 << Date: Wed, 05 Apr 2023 09:43:22 GMT
11:43:22.238 [Test worker] DEBUG com.github.dockerjava.zerodep.shaded.org.apache.hc.client5.http.impl.classic.MainClientExec - ex-00000005: connection can be kept alive for 3 MINUTES
11:43:22.238 [Test worker] DEBUG com.github.dockerjava.zerodep.shaded.org.apache.hc.client5.http.impl.classic.InternalHttpClient - ep-00000004: releasing valid endpoint
11:43:22.238 [Test worker] DEBUG com.github.dockerjava.zerodep.shaded.org.apache.hc.client5.http.impl.io.PoolingHttpClientConnectionManager - ep-00000004: releasing endpoint
11:43:22.238 [Test worker] DEBUG com.github.dockerjava.zerodep.shaded.org.apache.hc.client5.http.impl.io.PoolingHttpClientConnectionManager - ep-00000004: connection http-outgoing-0 can be kept alive for 3 MINUTES
11:43:22.238 [Test worker] DEBUG com.github.dockerjava.zerodep.shaded.org.apache.hc.client5.http.impl.io.PoolingHttpClientConnectionManager - ep-00000004: connection released [route: {}->unix://localhost:2375][total available: 1; route allocated: 1 of 2147483647; total allocated: 1 of 2147483647]
11:43:22.243 [Test worker] DEBUG org.testcontainers.shaded.com.github.dockerjava.core.command.AbstrDockerCmd - Cmd: 28e30e874f297a45953cb97b2c78048afe4f78cdffe46d34f6e50033f1316710,false
11:43:22.244 [Test worker] DEBUG org.testcontainers.shaded.com.github.dockerjava.core.exec.InspectContainerCmdExec - GET: DefaultWebTarget{path=[/containers/28e30e874f297a45953cb97b2c78048afe4f78cdffe46d34f6e50033f1316710/json], queryParams={}}
11:43:22.244 [Test worker] DEBUG com.github.dockerjava.zerodep.shaded.org.apache.hc.client5.http.impl.classic.InternalHttpClient - ex-00000006: preparing request execution
11:43:22.244 [Test worker] DEBUG com.github.dockerjava.zerodep.shaded.org.apache.hc.client5.http.protocol.RequestAddCookies - Cookie spec selected: strict
11:43:22.244 [Test worker] DEBUG com.github.dockerjava.zerodep.shaded.org.apache.hc.client5.http.protocol.RequestAuthCache - Auth cache not set in the context
11:43:22.244 [Test worker] DEBUG com.github.dockerjava.zerodep.shaded.org.apache.hc.client5.http.impl.classic.ProtocolExec - ex-00000006: target auth state: UNCHALLENGED
11:43:22.245 [Test worker] DEBUG com.github.dockerjava.zerodep.shaded.org.apache.hc.client5.http.impl.classic.ProtocolExec - ex-00000006: proxy auth state: UNCHALLENGED
11:43:22.245 [Test worker] DEBUG com.github.dockerjava.zerodep.shaded.org.apache.hc.client5.http.impl.classic.ConnectExec - ex-00000006: acquiring connection with route {}->unix://localhost:2375
11:43:22.245 [Test worker] DEBUG com.github.dockerjava.zerodep.shaded.org.apache.hc.client5.http.impl.classic.InternalHttpClient - ex-00000006: acquiring endpoint (3 MINUTES)
11:43:22.245 [Test worker] DEBUG com.github.dockerjava.zerodep.shaded.org.apache.hc.client5.http.impl.io.PoolingHttpClientConnectionManager - ex-00000006: endpoint lease request (3 MINUTES) [route: {}->unix://localhost:2375][total available: 1; route allocated: 1 of 2147483647; total allocated: 1 of 2147483647]
11:43:22.245 [Test worker] DEBUG com.github.dockerjava.zerodep.shaded.org.apache.hc.client5.http.impl.io.PoolingHttpClientConnectionManager - ex-00000006: endpoint leased [route: {}->unix://localhost:2375][total available: 0; route allocated: 1 of 2147483647; total allocated: 1 of 2147483647]
11:43:22.245 [Test worker] DEBUG com.github.dockerjava.zerodep.shaded.org.apache.hc.client5.http.impl.io.PoolingHttpClientConnectionManager - ex-00000006: acquired ep-00000005
11:43:22.245 [Test worker] DEBUG com.github.dockerjava.zerodep.shaded.org.apache.hc.client5.http.impl.classic.InternalHttpClient - ex-00000006: acquired endpoint ep-00000005
11:43:22.245 [Test worker] DEBUG com.github.dockerjava.zerodep.shaded.org.apache.hc.client5.http.impl.classic.MainClientExec - ex-00000006: executing GET /v1.32/containers/28e30e874f297a45953cb97b2c78048afe4f78cdffe46d34f6e50033f1316710/json HTTP/1.1
11:43:22.245 [Test worker] DEBUG com.github.dockerjava.zerodep.shaded.org.apache.hc.client5.http.impl.classic.InternalHttpClient - ep-00000005: start execution ex-00000006
11:43:22.245 [Test worker] DEBUG com.github.dockerjava.zerodep.shaded.org.apache.hc.client5.http.impl.io.PoolingHttpClientConnectionManager - ep-00000005: executing exchange ex-00000006 over http-outgoing-0
11:43:22.246 [Test worker] DEBUG com.github.dockerjava.zerodep.shaded.org.apache.hc.client5.http.headers - http-outgoing-0 >> GET /v1.32/containers/28e30e874f297a45953cb97b2c78048afe4f78cdffe46d34f6e50033f1316710/json HTTP/1.1
11:43:22.246 [Test worker] DEBUG com.github.dockerjava.zerodep.shaded.org.apache.hc.client5.http.headers - http-outgoing-0 >> accept: application/json
11:43:22.246 [Test worker] DEBUG com.github.dockerjava.zerodep.shaded.org.apache.hc.client5.http.headers - http-outgoing-0 >> x-tc-sid: b7f6c99f-5b0f-49a9-8796-94a8ae81f0d8
11:43:22.246 [Test worker] DEBUG com.github.dockerjava.zerodep.shaded.org.apache.hc.client5.http.headers - http-outgoing-0 >> Accept-Encoding: gzip, x-gzip, deflate
11:43:22.246 [Test worker] DEBUG com.github.dockerjava.zerodep.shaded.org.apache.hc.client5.http.headers - http-outgoing-0 >> Host: localhost:2375
11:43:22.246 [Test worker] DEBUG com.github.dockerjava.zerodep.shaded.org.apache.hc.client5.http.headers - http-outgoing-0 >> Connection: keep-alive
11:43:22.246 [Test worker] DEBUG com.github.dockerjava.zerodep.shaded.org.apache.hc.client5.http.headers - http-outgoing-0 >> User-Agent: Apache-HttpClient/5.0.3 (Java/17.0.6)
11:43:22.246 [Test worker] DEBUG com.github.dockerjava.zerodep.shaded.org.apache.hc.client5.http.wire - http-outgoing-0 >> "GET /v1.32/containers/28e30e874f297a45953cb97b2c78048afe4f78cdffe46d34f6e50033f1316710/json HTTP/1.1[\r][\n]"
11:43:22.246 [Test worker] DEBUG com.github.dockerjava.zerodep.shaded.org.apache.hc.client5.http.wire - http-outgoing-0 >> "accept: application/json[\r][\n]"
11:43:22.246 [Test worker] DEBUG com.github.dockerjava.zerodep.shaded.org.apache.hc.client5.http.wire - http-outgoing-0 >> "x-tc-sid: b7f6c99f-5b0f-49a9-8796-94a8ae81f0d8[\r][\n]"
11:43:22.246 [Test worker] DEBUG com.github.dockerjava.zerodep.shaded.org.apache.hc.client5.http.wire - http-outgoing-0 >> "Accept-Encoding: gzip, x-gzip, deflate[\r][\n]"
11:43:22.246 [Test worker] DEBUG com.github.dockerjava.zerodep.shaded.org.apache.hc.client5.http.wire - http-outgoing-0 >> "Host: localhost:2375[\r][\n]"
11:43:22.246 [Test worker] DEBUG com.github.dockerjava.zerodep.shaded.org.apache.hc.client5.http.wire - http-outgoing-0 >> "Connection: keep-alive[\r][\n]"
11:43:22.246 [Test worker] DEBUG com.github.dockerjava.zerodep.shaded.org.apache.hc.client5.http.wire - http-outgoing-0 >> "User-Agent: Apache-HttpClient/5.0.3 (Java/17.0.6)[\r][\n]"
11:43:22.246 [Test worker] DEBUG com.github.dockerjava.zerodep.shaded.org.apache.hc.client5.http.wire - http-outgoing-0 >> "[\r][\n]"
11:43:22.247 [Test worker] DEBUG com.github.dockerjava.zerodep.shaded.org.apache.hc.client5.http.wire - http-outgoing-0 << "HTTP/1.1 200 OK[\r][\n]"
11:43:22.247 [Test worker] DEBUG com.github.dockerjava.zerodep.shaded.org.apache.hc.client5.http.wire - http-outgoing-0 << "Api-Version: 1.42[\r][\n]"
11:43:22.247 [Test worker] DEBUG com.github.dockerjava.zerodep.shaded.org.apache.hc.client5.http.wire - http-outgoing-0 << "Content-Type: application/json[\r][\n]"
11:43:22.247 [Test worker] DEBUG com.github.dockerjava.zerodep.shaded.org.apache.hc.client5.http.wire - http-outgoing-0 << "Docker-Experimental: false[\r][\n]"
11:43:22.247 [Test worker] DEBUG com.github.dockerjava.zerodep.shaded.org.apache.hc.client5.http.wire - http-outgoing-0 << "Ostype: linux[\r][\n]"
11:43:22.247 [Test worker] DEBUG com.github.dockerjava.zerodep.shaded.org.apache.hc.client5.http.wire - http-outgoing-0 << "Server: Docker/23.0.2 (linux)[\r][\n]"
11:43:22.247 [Test worker] DEBUG com.github.dockerjava.zerodep.shaded.org.apache.hc.client5.http.wire - http-outgoing-0 << "Date: Wed, 05 Apr 2023 09:43:22 GMT[\r][\n]"
11:43:22.247 [Test worker] DEBUG com.github.dockerjava.zerodep.shaded.org.apache.hc.client5.http.wire - http-outgoing-0 << "Transfer-Encoding: chunked[\r][\n]"
11:43:22.247 [Test worker] DEBUG com.github.dockerjava.zerodep.shaded.org.apache.hc.client5.http.wire - http-outgoing-0 << "[\r][\n]"
11:43:22.248 [Test worker] DEBUG com.github.dockerjava.zerodep.shaded.org.apache.hc.client5.http.wire - http-outgoing-0 << "13e6[\r][\n]"
11:43:22.248 [Test worker] DEBUG com.github.dockerjava.zerodep.shaded.org.apache.hc.client5.http.wire - http-outgoing-0 << "{"Id":"28e30e874f297a45953cb97b2c78048afe4f78cdffe46d34f6e50033f1316710","Created":"2023-04-05T09:43:21.916773668Z","Path":"/app","Args":[],"State":{"Status":"running","Running":true,"Paused":false,"Restarting":false,"OOMKilled":false,"Dead":false,"Pid":71888,"ExitCode":0,"Error":"","StartedAt":"2023-04-05T09:43:22.234986Z","FinishedAt":"0001-01-01T00:00:00Z"},"Image":"sha256:64f4b02dc9864d9621d248e55835408a03b3cd8239b790e610c71c29ea45a3b9","ResolvConfPath":"/var/lib/docker/containers/28e30e874f297a45953cb97b2c78048afe4f78cdffe46d34f6e50033f1316710/resolv.conf","HostnamePath":"/var/lib/docker/containers/28e30e874f297a45953cb97b2c78048afe4f78cdffe46d34f6e50033f1316710/hostname","HostsPath":"/var/lib/docker/containers/28e30e874f297a45953cb97b2c78048afe4f78cdffe46d34f6e50033f1316710/hosts","LogPath":"/var/lib/docker/containers/28e30e874f297a45953cb97b2c78048afe4f78cdffe46d34f6e50033f1316710/28e30e874f297a45953cb97b2c78048afe4f78cdffe46d34f6e50033f1316710-json.log","Name":"/testcontainers-ryuk-b7f6c99f-5b0f-49a9-8796-94a8ae81f0d8","RestartCount":0,"Driver":"overlay2","Platform":"linux","MountLabel":"","ProcessLabel":"","AppArmorProfile":"","ExecIDs":null,"HostConfig":{"Binds":["/var/run/docker.sock:/var/run/docker.sock:rw"],"ContainerIDFile":"","LogConfig":{"Type":"json-file","Config":{}},"NetworkMode":"default","PortBindings":{"8080/tcp":[{"HostIp":"","HostPort":""}]},"RestartPolicy":{"Name":"","MaximumRetryCount":0},"AutoRemove":true,"VolumeDriver":"","VolumesFrom":[],"ConsoleSize":[0,0],"CapAdd":null,"CapDrop":null,"CgroupnsMode":"private","Dns":null,"DnsOptions":null,"DnsSearch":null,"ExtraHosts":[],"GroupAdd":null,"IpcMode":"shareable","Cgroup":"","Links":null,"OomScoreAdj":0,"PidMode":"","Privileged":false,"PublishAllPorts":false,"ReadonlyRootfs":false,"SecurityOpt":null,"UTSMode":"","UsernsMode":"","ShmSize":67108864,"Runtime":"runc","Isolation":"","CpuShares":0,"Memory":0,"NanoCpus":0,"CgroupParent":"","BlkioWeight":0,"BlkioWeightDevice":null,"BlkioDeviceReadBps":null,"BlkioDeviceWriteBps":null,"BlkioDeviceReadIOps":null,"BlkioDeviceWriteIOps":null,"CpuPeriod":0,"CpuQuota":0,"CpuRealtimePeriod":0,"CpuRealtimeRuntime":0,"CpusetCpus":"","CpusetMems":"","Devices":null,"DeviceCgroupRules":null,"DeviceRequests":null,"MemoryReservation":0,"MemorySwap":0,"MemorySwappiness":null,"OomKillDisable":null,"PidsLimit":null,"Ulimits":null,"CpuCount":0,"CpuPercent":0,"IOMaximumIOps":0,"IOMaximumBandwidth":0,"MaskedPaths":["/proc/asound","/proc/acpi","/proc/kcore","/proc/keys","/proc/latency_stats","/proc/timer_list","/proc/timer_stats","/proc/sched_debug","/proc/scsi","/sys/firmware"],"ReadonlyPaths":["/proc/bus","/proc/fs","/proc/irq","/proc/sys","/proc/sysrq-trigger"]},"GraphDriver":{"Data":{"LowerDir":"/var/lib/docker/overlay2/9c44444d71ee569cf37170e532976dd6e4883507043eea444ea7075c28da4daf-init/diff:/var/lib/docker/overlay2/55b56613d491fd005b6d40a37082f50093945091a942c0aa9f1bdb75d41c1eca/diff:/var/lib/docker/overlay2/2c887a94d3ed2cfc6a44616dea169fa3f67963596b089a7aca22a342e1d80e10/diff:/var/lib/docker/overlay2/9f56625aa9acc3f8ba14c5f07e03d00c616b4b06a167dcd3186fb8cc3ceea4ea/diff","MergedDir":"/var/lib/docker/overlay2/9c44444d71ee569cf37170e532976dd6e4883507043eea444ea7075c28da4daf/merged","UpperDir":"/var/lib/docker/overlay2/9c44444d71ee569cf37170e532976dd6e4883507043eea444ea7075c28da4daf/diff","WorkDir":"/var/lib/docker/overlay2/9c44444d71ee569cf37170e532976dd6e4883507043eea444ea7075c28da4daf/work"},"Name":"overlay2"},"Mounts":[{"Type":"bind","Source":"/var/run/docker.sock","Destination":"/var/run/docker.sock","Mode":"rw","RW":true,"Propagation":"rprivate"}],"Config":{"Hostname":"28e30e874f29","Domainname":"","User":"","AttachStdin":false,"AttachStdout":false,"AttachStderr":false,"ExposedPorts":{"8080/tcp":{}},"Tty":false,"OpenStdin":false,"StdinOnce":false,"Env":["PATH=/usr/local/sbin:/usr/local/bin:/usr/sbin:/usr/bin:/sbin:/bin"],"Cmd":["/app"],"Image":"testcontainers/ryuk:0.3.3","Volumes":null,"WorkingDir":"","Entrypoint":null,"OnBuild":null,"Labels":{"org.testcontainers":"true"}},"NetworkSettings":{"Bridge":"","SandboxID":"6166c4a96241c2b3f3a49cd3731511905032ec4f60b61c5780e8b8af9724c4f2","HairpinMode":false,"LinkLocalIPv6Address":"","LinkLocalIPv6PrefixLen":0,"Ports":{"8080/tcp":[{"HostIp":"0.0.0.0","HostPort":"32800"},{"HostIp":"::","HostPort":"32800"}]},"SandboxKey":"/var/run/docker/netns/6166c4a96241","SecondaryIPAddresses":null,"SecondaryIPv6Addresses":null,"EndpointID":"8d1022e9004d2c5c5b444fb0d4e1063c39bd970739ff318c48e5f946bc08c517","Gateway":"172.17.0.1","GlobalIPv6Address":"","GlobalIPv6PrefixLen":0,"IPAddress":"172.17.0.2","IPPrefixLen":16,"IPv6Gateway":"","MacAddress":"02:42:ac:11:00:02","Networks":{"bridge":{"IPAMConfig":null,"Links":null,"Aliases":null,"NetworkID":"1fdc03a63739761e3484ec01555a4a41a93885968a8881851c366d521acc95ee","EndpointID":"8d1022e9004d2c5c5b444fb0d4e1063c39bd970739ff318c48e5f946bc08c517","Gateway":"172.17.0.1","IPAddress":"172.17.0.2","IPPrefixLen":16,"IPv6Gateway":"","GlobalIPv6Address":"","GlobalIPv6PrefixLen":0,"MacAddress":"02:42:ac:11:00:02","DriverOpts":null}}}}[\n]"
11:43:22.248 [Test worker] DEBUG com.github.dockerjava.zerodep.shaded.org.apache.hc.client5.http.wire - http-outgoing-0 << "[\r][\n]"
11:43:22.248 [Test worker] DEBUG com.github.dockerjava.zerodep.shaded.org.apache.hc.client5.http.wire - http-outgoing-0 << "0[\r][\n]"
11:43:22.248 [Test worker] DEBUG com.github.dockerjava.zerodep.shaded.org.apache.hc.client5.http.wire - http-outgoing-0 << "[\r][\n]"
11:43:22.249 [Test worker] DEBUG com.github.dockerjava.zerodep.shaded.org.apache.hc.client5.http.headers - http-outgoing-0 << HTTP/1.1 200 OK
11:43:22.249 [Test worker] DEBUG com.github.dockerjava.zerodep.shaded.org.apache.hc.client5.http.headers - http-outgoing-0 << Api-Version: 1.42
11:43:22.249 [Test worker] DEBUG com.github.dockerjava.zerodep.shaded.org.apache.hc.client5.http.headers - http-outgoing-0 << Content-Type: application/json
11:43:22.249 [Test worker] DEBUG com.github.dockerjava.zerodep.shaded.org.apache.hc.client5.http.headers - http-outgoing-0 << Docker-Experimental: false
11:43:22.249 [Test worker] DEBUG com.github.dockerjava.zerodep.shaded.org.apache.hc.client5.http.headers - http-outgoing-0 << Ostype: linux
11:43:22.249 [Test worker] DEBUG com.github.dockerjava.zerodep.shaded.org.apache.hc.client5.http.headers - http-outgoing-0 << Server: Docker/23.0.2 (linux)
11:43:22.249 [Test worker] DEBUG com.github.dockerjava.zerodep.shaded.org.apache.hc.client5.http.headers - http-outgoing-0 << Date: Wed, 05 Apr 2023 09:43:22 GMT
11:43:22.249 [Test worker] DEBUG com.github.dockerjava.zerodep.shaded.org.apache.hc.client5.http.headers - http-outgoing-0 << Transfer-Encoding: chunked
11:43:22.249 [Test worker] DEBUG com.github.dockerjava.zerodep.shaded.org.apache.hc.client5.http.impl.classic.MainClientExec - ex-00000006: connection can be kept alive for 3 MINUTES
11:43:22.319 [Test worker] DEBUG com.github.dockerjava.zerodep.shaded.org.apache.hc.client5.http.impl.classic.InternalHttpClient - ep-00000005: releasing valid endpoint
[...]
Adj":0,"PidMode":"","Privileged":false,"PublishAllPorts":false,"ReadonlyRootfs":false,"SecurityOpt":null,"UTSMode":"","UsernsMode":"","ShmSize":67108864,"Runtime":"runc","Isolation":"","CpuShares":0,"Memory":0,"NanoCpus":0,"CgroupParent":"","BlkioWeight":0,"BlkioWeightDevice":null,"BlkioDeviceReadBps":null,"BlkioDeviceWriteBps":null,"BlkioDeviceReadIOps":null,"BlkioDeviceWriteIOps":null,"CpuPeriod":0,"CpuQuota":0,"CpuRealtimePeriod":0,"CpuRealtimeRuntime":0,"CpusetCpus":"","CpusetMems":"","Devices":null,"DeviceCgroupRules":null,"DeviceRequests":null,"MemoryReservation":0,"MemorySwap":0,"MemorySwappiness":null,"OomKillDisable":null,"PidsLimit":null,"Ulimits":null,"CpuCount":0,"CpuPercent":0,"IOMaximumIOps":0,"IOMaximumBandwidth":0,"MaskedPaths":["/proc/asound","/proc/acpi","/proc/kcore","/proc/keys","/proc/latency_stats","/proc/timer_list","/proc/timer_stats","/proc/sched_debug","/proc/scsi","/sys/firmware"],"ReadonlyPaths":["/proc/bus","/proc/fs","/proc/irq","/proc/sys","/proc/sysrq-trigger"]},"GraphDriver":{"Data":{"LowerDir":"/var/lib/docker/overlay2/f03a353a8b7ef7721ff4d0f0161c566e507c2bd7b2103bc094380870470dede8-init/diff:/var/lib/docker/overlay2/66325d4a72445292752a5cc089f7b06e1c656d6a606727c31c34d63332181498/diff:/var/lib/docker/overlay2/0420538d50de8501df70f24dc40485b6e5eb7c5bf0d729e97825149a095e81ee/diff:/var/lib/docker/overlay2/2fead15118972e8b246a17f3f74c4f3655f3aa220ec939b86a56fe0510f7f20e/diff:/var/lib/docker/overlay2/ae68753402a4f569497d5c9f410ab0fa5a0fb2a04df8287cf37abc3393c77a11/diff:/var/lib/docker/overlay2/0f33f3c94c888aff8ca57897ea63fa4e9b20fb7f7934073692321ec9850132f4/diff:/var/lib/docker/overlay2/597223515b71e4f23e1e930f2ae3f3e7243b6e5e552719d8d7195d401d02d023/diff:/var/lib/docker/overlay2/25674083bc449fb11328f7979a180fe0ee7007367e6cb9bd5230a3d1ac8909d4/diff:/var/lib/docker/overlay2/d4ad32368669b49558cd44d2fed1804e752c8491a3ed5fe0a06247ad5d1e2682/diff:/var/lib/docker/overlay2/e8ddd839dccdccdb7ca680a8dbc95292a90a9e4fb1b4279d5c28646c6890e904/diff:/var/lib/docker/overlay2/8b58ccb7696936ff3318138153004d6c3a4b38fd540a21082ba63f736809a000/diff:/var/lib/docker/overlay2/c84d05a1572fe22afac932672dca46a6a056176ddaf606813a5c9ec4f4483542/diff:/var/lib/docker/overlay2/efb8ee473eb1010366ad7ce8e083c74e830d07f1bbe9d48a48e43f10a3801260/diff:/var/lib/docker/overlay2/989e3488dd2e4b6494f77205761f97867704a6b559fc71dfb349529c277d82b8/diff:/var/lib/docker/overlay2/1c4a29393c91ce4f505b657276803401a43b74b0ff0e30c5e01c12b1b1352329/diff:/var/lib/docker/overlay2/8c441ef151b8fe9fe855a56abf8947a41c9bed8fdc81287309d50da11d44c551/diff:/var/lib/docker/overlay2/e1d7e75a64a7c47c5b2c9aa5245400620a2963a3cea73ce8bfb9ee3d0ec87742/diff:/var/lib/docker/overlay2/036298d5ecb6af5928c740623098c4de4982821471e36c8c624ac67a1b6748c5/diff:/var/lib/docker/overlay2/ed0c39deedb4f2b7488ded2927cd2590b490623c1708eb0427acb577e860cd74/diff:/var/lib/docker/overlay2/c189597c890c51a188731ae35609d5347be6ab812bfbc0d2ecbe2f44211205ca/diff:/var/lib/docker/overlay2/dfc01826bd9d1e9459778e608bc62c7f797eea1a2ad265f7c27ee20192ed4784/diff:/var/lib/docker/overlay2/4bbf66cb6c6da59f25151eb03310402487d8a911a5c2c7c0d5b95a369ca840a7/diff:/var/lib/docker/overlay2/7bef5e8d1eed205636df4d3454bdbb8aeaa3925932855598f2665a362ae94c52/diff:/var/lib/docker/overlay2/1d387a93df91d4294723c83c3d5ac8c420894677ebc28471a31986ccd3ceb457/diff:/var/lib/docker/overlay2/a3d8d3123757f8ab4866f0738e23aba4556ce2e6b90d35a05785378bb80a9153/diff:/var/lib/docker/overlay2/3d49eb1a0d68a40380d451123d895d547068f03dbe1ac90aa5a5a89e02895d62/diff:/var/lib/docker/overlay2/8483c5600a50963ee9dfa89cd7f5e777ec4cd7853fcb23e43aea52f1af1118ea/diff:/var/lib/docker/overlay2/31292f6d437552a0ecf673e43c5fb0ab7665ef34dc163eeb2f6d76a107f6796f/diff:/var/lib/docker/overlay2/32b8a7e82345d4754337301d89eca79fdfc6ef6aeaab3c77ac2f8688d75e116a/diff:/var/lib/docker/overlay2/c099dd0c5adbc8ae6f8c24fca0e5ae33aa573e689c775e20d3bffe82c8803005/diff:/var/lib/docker/overlay2/630ccf027f38d4a66376848a8f3b3a70f7282ebf12cbc2eb70e40506eea77631/diff:/var/lib/docker/overlay2/3e90287fdcb44892311c3797b970d66a7dc4b7df6980ed27c0b2eb362f16d00a/diff:/var/lib/docker/overlay2/06f959762d7d95eb297fe7e1367bd1ab94925333e63fe3066ca492b86d0cffdf/diff:/var/lib/docker/overlay2/a67c673f0fe7552e9a71ad33ea4da187081140b12a5270c86b49dcac77787d08/diff:/var/lib/docker/overlay2/429bc4bc5dab1eeca6eed04ccd2134a2c83ba13fb165b2eafe71ad87f6135483/diff:/var/lib/docker/overlay2/6017fbb25c9bda5b79fbed8d535fd69c510f7f89968284b952c673bf00b67a0f/diff","MergedDir":"/var/lib/docker/overlay2/f03a353a8b7ef7721ff4d0f0161c566e507c2bd7b2103bc094380870470dede8/merged","UpperDir":"/var/lib/docker/overlay2/f03a353a8b7ef7721ff4d0f0161c566e507c2bd7b2103bc094380870470dede8/diff","WorkDir":"/var/lib/docker/overlay2/f03a353a8b7ef7721ff4d0f0161c566e507c2bd7b2103bc094380870470dede8/work"},"Name":"overlay2"},"Mounts":[{"Type":"bind","Source":"/var/run/docker.sock","Destination":"/var/run/docker.sock","Mode":"rw","RW":true,"Propagation":"rprivate"},{"Type":"volume","Name":"63a2d1867f186d9272b34fa6c91fc6a66dde70fe3aba4d8691a42d8318f88594","Source":"/var/lib/docker/volumes/63a2d1867f186d9272b34fa6c91fc6a66dde70fe3aba4d8691a42d8318f88594/_data","Destination":"/var/lib/localstack","Driver":"local","Mode":"","RW":true,"Propagation":""}],"Config":{"Hostname":"5d6ffc387465","Domainname":"","User":"","AttachStdin":false,"AttachStdout":false,"AttachStderr":false,"ExposedPorts":{"4510/tcp":{},"4511/tcp":{},"4512/tcp":{},"4513/tcp":{},"4514/tcp":{},"4515/tcp":{},"4516/tcp":{},"4517/tcp":{},"4518/tcp":{},"4519/tcp":{},"4520/tcp":{},"4521/tcp":{},"4522/tcp":{},"4523/tcp":{},"4524/tcp":{},"4525/tcp":{},"4526/tcp":{},"4527/tcp":{},"4528/tcp":{},"4529/tcp":{},"4530/tcp":{},"4531/tcp":{},"4532/tcp":{},"4533/tcp":{},"4534/tcp":{},"4535/tcp":{},"4536/tcp":{},"4537/tcp":{},"4538/tcp":{},"4539/tcp":{},"4540/tcp":{},"4541/tcp":{},"4542/tcp":{},"4543/tcp":{},"4544/tcp":{},"4545/tcp":{},"4546/tcp":{},"4547/tcp":{},"4548/tcp":{},"4549/tcp":{},"4550/tcp":{},"4551/tcp":{},"4552/tcp":{},"4553/tcp":{},"4554/tcp":{},"4555/tcp":{},"4556/tcp":{},"4557/tcp":{},"4558/tcp":{},"4559/tcp":{},"4566/tcp":{},"5678/tcp":{}},"Tty":false,"OpenStdin":false,"StdinOnce":false,"Env":["HOSTNAME_EXTERNAL=localhost","SERVICES=s3","PATH=/usr/local/"
11:43:27.488 [Test worker] DEBUG com.github.dockerjava.zerodep.shaded.org.apache.hc.client5.http.headers - http-outgoing-2 << HTTP/1.1 200 OK
11:43:27.488 [Test worker] DEBUG com.github.dockerjava.zerodep.shaded.org.apache.hc.client5.http.headers - http-outgoing-2 << Api-Version: 1.42
11:43:27.488 [Test worker] DEBUG com.github.dockerjava.zerodep.shaded.org.apache.hc.client5.http.headers - http-outgoing-2 << Content-Type: application/json
11:43:27.488 [Test worker] DEBUG com.github.dockerjava.zerodep.shaded.org.apache.hc.client5.http.headers - http-outgoing-2 << Docker-Experimental: false
11:43:27.488 [Test worker] DEBUG com.github.dockerjava.zerodep.shaded.org.apache.hc.client5.http.headers - http-outgoing-2 << Ostype: linux
11:43:27.488 [Test worker] DEBUG com.github.dockerjava.zerodep.shaded.org.apache.hc.client5.http.headers - http-outgoing-2 << Server: Docker/23.0.2 (linux)
11:43:27.488 [Test worker] DEBUG com.github.dockerjava.zerodep.shaded.org.apache.hc.client5.http.headers - http-outgoing-2 << Date: Wed, 05 Apr 2023 09:43:27 GMT
11:43:27.488 [Test worker] DEBUG com.github.dockerjava.zerodep.shaded.org.apache.hc.client5.http.headers - http-outgoing-2 << Transfer-Encoding: chunked
11:43:27.488 [Test worker] DEBUG com.github.dockerjava.zerodep.shaded.org.apache.hc.client5.http.impl.classic.MainClientExec - ex-00000012: connection can be kept alive for 3 MINUTES
11:43:27.489 [Test worker] DEBUG com.github.dockerjava.zerodep.shaded.org.apache.hc.client5.http.wire - http-outgoing-2 << "bin:/usr/local/sbin:/usr/local/bin:/usr/sbin:/usr/bin:/sbin:/bin:/usr/lib/jvm/java-11/bin","LANG=C.UTF-8","GPG_KEY=A035C8C19219BA821ECEA86B64E628F8D684696D","PYTHON_VERSION=3.10.6","PYTHON_PIP_VERSION=22.2.1","PYTHON_SETUPTOOLS_VERSION=63.2.0","PYTHON_GET_PIP_URL=https://github.com/pypa/get-pip/raw/5eaac1050023df1f5c98b173b248c260023f2278/public/get-pip.py","PYTHON_GET_PIP_SHA256=5aefe6ade911d997af080b315ebcb7f882212d070465df544e1175ac2be519b4","JAVA_HOME=/usr/lib/jvm/java-11","MAVEN_HOME=/usr/share/maven","MAVEN_CONFIG=/opt/code/localstack","LD_LIBRARY_PATH=/usr/lib/jvm/java-11/lib:/usr/lib/jvm/java-11/lib/server","USER=localstack","PYTHONUNBUFFERED=1","EDGE_BIND_HOST=0.0.0.0","LOCALSTACK_HOSTNAME=localhost","LOCALSTACK_BUILD_DATE=2022-08-28","LOCALSTACK_BUILD_GIT_HASH=034bc851","LOCALSTACK_BUILD_VERSION=1.0.5.dev"],"Cmd":null,"Healthcheck":{"Test":["CMD-SHELL","./bin/localstack status services --format=json"],"Interval":10000000000,"Timeout":5000000000,"StartPeriod":15000000000,"Retries":5},"Image":"localstack/localstack:latest","Volumes":{"/var/lib/localstack":{}},"WorkingDir":"/opt/code/localstack","Entrypoint":["docker-entrypoint.sh"],"OnBuild":null,"Labels":{"authors":"LocalStack Contributors","description":"LocalStack Docker image","maintainer":"LocalStack Team (info@localstack.cloud)","org.testcontainers":"true","org.testcontainers.sessionId":"b7f6c99f-5b0f-49a9-8796-94a8ae81f0d8"}},"NetworkSettings":{"Bridge":"","SandboxID":"8f49020bf0dd082eb7702ef029e53d452b2379319b4efeb8d95093b56bfdbe90","HairpinMode":false,"LinkLocalIPv6Address":"","LinkLocalIPv6PrefixLen":0,"Ports":{},"SandboxKey":"/var/run/docker/netns/8f49020bf0dd","SecondaryIPAddresses":null,"SecondaryIPv6Addresses":null,"EndpointID":"","Gateway":"","GlobalIPv6Address":"","GlobalIPv6PrefixLen":0,"IPAddress":"","IPPrefixLen":0,"IPv6Gateway":"","MacAddress":"","Networks":{"bridge":{"IPAMConfig":null,"Links":null,"Aliases":null,"NetworkID":"1fdc03a63739761e3484ec01555a4a41a93885968a8881851c366d521acc95ee","EndpointID":"","Gateway":"","IPAddress":"","IPPrefixLen":0,"IPv6Gateway":"","GlobalIPv6Address":"","GlobalIPv6PrefixLen":0,"MacAddress":"","DriverOpts":null}}}}[\n]"
11:43:27.491 [Test worker] DEBUG com.github.dockerjava.zerodep.shaded.org.apache.hc.client5.http.wire - http-outgoing-2 << "[\r][\n]"
11:43:27.492 [Test worker] DEBUG com.github.dockerjava.zerodep.shaded.org.apache.hc.client5.http.wire - http-outgoing-2 << "0[\r][\n]"
11:43:27.492 [Test worker] DEBUG com.github.dockerjava.zerodep.shaded.org.apache.hc.client5.http.wire - http-outgoing-2 << "[\r][\n]"
11:43:27.492 [Test worker] DEBUG com.github.dockerjava.zerodep.shaded.org.apache.hc.client5.http.impl.classic.InternalHttpClient - ep-00000011: releasing valid endpoint
11:43:27.492 [Test worker] DEBUG com.github.dockerjava.zerodep.shaded.org.apache.hc.client5.http.impl.io.PoolingHttpClientConnectionManager - ep-00000011: releasing endpoint
11:43:27.492 [Test worker] DEBUG com.github.dockerjava.zerodep.shaded.org.apache.hc.client5.http.impl.io.PoolingHttpClientConnectionManager - ep-00000011: connection http-outgoing-2 can be kept alive for 3 MINUTES
11:43:27.492 [Test worker] DEBUG com.github.dockerjava.zerodep.shaded.org.apache.hc.client5.http.impl.io.PoolingHttpClientConnectionManager - ep-00000011: connection released [route: {}->unix://localhost:2375][total available: 1; route allocated: 1 of 2147483647; total allocated: 1 of 2147483647]
11:43:27.492 [Test worker] DEBUG org.testcontainers.shaded.com.github.dockerjava.core.command.AbstrDockerCmd - Cmd: 5d6ffc387465dd48652347f7e9516f6f2ba8d2b66b9e274ad361b13a8c8f1440,true,true
11:43:27.493 [Test worker] DEBUG com.github.dockerjava.zerodep.shaded.org.apache.hc.client5.http.impl.classic.InternalHttpClient - ex-00000013: preparing request execution
11:43:27.493 [Test worker] DEBUG com.github.dockerjava.zerodep.shaded.org.apache.hc.client5.http.protocol.RequestAddCookies - Cookie spec selected: strict
11:43:27.493 [Test worker] DEBUG com.github.dockerjava.zerodep.shaded.org.apache.hc.client5.http.protocol.RequestAuthCache - Auth cache not set in the context
11:43:27.493 [Test worker] DEBUG com.github.dockerjava.zerodep.shaded.org.apache.hc.client5.http.impl.classic.ProtocolExec - ex-00000013: target auth state: UNCHALLENGED
11:43:27.493 [Test worker] DEBUG com.github.dockerjava.zerodep.shaded.org.apache.hc.client5.http.impl.classic.ProtocolExec - ex-00000013: proxy auth state: UNCHALLENGED
11:43:27.493 [Test worker] DEBUG com.github.dockerjava.zerodep.shaded.org.apache.hc.client5.http.impl.classic.ConnectExec - ex-00000013: acquiring connection with route {}->unix://localhost:2375
11:43:27.493 [Test worker] DEBUG com.github.dockerjava.zerodep.shaded.org.apache.hc.client5.http.impl.classic.InternalHttpClient - ex-00000013: acquiring endpoint (3 MINUTES)
11:43:27.493 [Test worker] DEBUG com.github.dockerjava.zerodep.shaded.org.apache.hc.client5.http.impl.io.PoolingHttpClientConnectionManager - ex-00000013: endpoint lease request (3 MINUTES) [route: {}->unix://localhost:2375][total available: 1; route allocated: 1 of 2147483647; total allocated: 1 of 2147483647]
11:43:27.493 [Test worker] DEBUG com.github.dockerjava.zerodep.shaded.org.apache.hc.client5.http.impl.io.PoolingHttpClientConnectionManager - ex-00000013: endpoint leased [route: {}->unix://localhost:2375][total available: 0; route allocated: 1 of 2147483647; total allocated: 1 of 2147483647]
11:43:27.493 [Test worker] DEBUG com.github.dockerjava.zerodep.shaded.org.apache.hc.client5.http.impl.io.PoolingHttpClientConnectionManager - ex-00000013: acquired ep-00000012
11:43:27.493 [Test worker] DEBUG com.github.dockerjava.zerodep.shaded.org.apache.hc.client5.http.impl.classic.InternalHttpClient - ex-00000013: acquired endpoint ep-00000012
11:43:27.493 [Test worker] DEBUG com.github.dockerjava.zerodep.shaded.org.apache.hc.client5.http.impl.classic.MainClientExec - ex-00000013: executing DELETE /v1.32/containers/5d6ffc387465dd48652347f7e9516f6f2ba8d2b66b9e274ad361b13a8c8f1440?v=true&force=true HTTP/1.1
11:43:27.493 [Test worker] DEBUG com.github.dockerjava.zerodep.shaded.org.apache.hc.client5.http.impl.classic.InternalHttpClient - ep-00000012: start execution ex-00000013
11:43:27.493 [Test worker] DEBUG com.github.dockerjava.zerodep.shaded.org.apache.hc.client5.http.impl.io.PoolingHttpClientConnectionManager - ep-00000012: executing exchange ex-00000013 over http-outgoing-2
11:43:27.493 [Test worker] DEBUG com.github.dockerjava.zerodep.shaded.org.apache.hc.client5.http.headers - http-outgoing-2 >> DELETE /v1.32/containers/5d6ffc387465dd48652347f7e9516f6f2ba8d2b66b9e274ad361b13a8c8f1440?v=true&force=true HTTP/1.1
11:43:27.494 [Test worker] DEBUG com.github.dockerjava.zerodep.shaded.org.apache.hc.client5.http.headers - http-outgoing-2 >> accept: application/json
11:43:27.494 [Test worker] DEBUG com.github.dockerjava.zerodep.shaded.org.apache.hc.client5.http.headers - http-outgoing-2 >> x-tc-sid: b7f6c99f-5b0f-49a9-8796-94a8ae81f0d8
11:43:27.494 [Test worker] DEBUG com.github.dockerjava.zerodep.shaded.org.apache.hc.client5.http.headers - http-outgoing-2 >> Accept-Encoding: gzip, x-gzip, deflate
11:43:27.494 [Test worker] DEBUG com.github.dockerjava.zerodep.shaded.org.apache.hc.client5.http.headers - http-outgoing-2 >> Host: localhost:2375
11:43:27.494 [Test worker] DEBUG com.github.dockerjava.zerodep.shaded.org.apache.hc.client5.http.headers - http-outgoing-2 >> Connection: keep-alive
11:43:27.494 [Test worker] DEBUG com.github.dockerjava.zerodep.shaded.org.apache.hc.client5.http.headers - http-outgoing-2 >> User-Agent: Apache-HttpClient/5.0.3 (Java/17.0.6)
11:43:27.494 [Test worker] DEBUG com.github.dockerjava.zerodep.shaded.org.apache.hc.client5.http.wire - http-outgoing-2 >> "DELETE /v1.32/containers/5d6ffc387465dd48652347f7e9516f6f2ba8d2b66b9e274ad361b13a8c8f1440?v=true&force=true HTTP/1.1[\r][\n]"
11:43:27.494 [Test worker] DEBUG com.github.dockerjava.zerodep.shaded.org.apache.hc.client5.http.wire - http-outgoing-2 >> "accept: application/json[\r][\n]"
11:43:27.494 [Test worker] DEBUG com.github.dockerjava.zerodep.shaded.org.apache.hc.client5.http.wire - http-outgoing-2 >> "x-tc-sid: b7f6c99f-5b0f-49a9-8796-94a8ae81f0d8[\r][\n]"
11:43:27.494 [Test worker] DEBUG com.github.dockerjava.zerodep.shaded.org.apache.hc.client5.http.wire - http-outgoing-2 >> "Accept-Encoding: gzip, x-gzip, deflate[\r][\n]"
11:43:27.494 [Test worker] DEBUG com.github.dockerjava.zerodep.shaded.org.apache.hc.client5.http.wire - http-outgoing-2 >> "Host: localhost:2375[\r][\n]"
11:43:27.494 [Test worker] DEBUG com.github.dockerjava.zerodep.shaded.org.apache.hc.client5.http.wire - http-outgoing-2 >> "Connection: keep-alive[\r][\n]"
11:43:27.494 [Test worker] DEBUG com.github.dockerjava.zerodep.shaded.org.apache.hc.client5.http.wire - http-outgoing-2 >> "User-Agent: Apache-HttpClient/5.0.3 (Java/17.0.6)[\r][\n]"
11:43:27.494 [Test worker] DEBUG com.github.dockerjava.zerodep.shaded.org.apache.hc.client5.http.wire - http-outgoing-2 >> "[\r][\n]"
11:43:27.505 [Test worker] DEBUG com.github.dockerjava.zerodep.shaded.org.apache.hc.client5.http.wire - http-outgoing-2 << "HTTP/1.1 204 No Content[\r][\n]"
11:43:27.505 [Test worker] DEBUG com.github.dockerjava.zerodep.shaded.org.apache.hc.client5.http.wire - http-outgoing-2 << "Api-Version: 1.42[\r][\n]"
11:43:27.505 [Test worker] DEBUG com.github.dockerjava.zerodep.shaded.org.apache.hc.client5.http.wire - http-outgoing-2 << "Docker-Experimental: false[\r][\n]"
11:43:27.505 [Test worker] DEBUG com.github.dockerjava.zerodep.shaded.org.apache.hc.client5.http.wire - http-outgoing-2 << "Ostype: linux[\r][\n]"
11:43:27.505 [Test worker] DEBUG com.github.dockerjava.zerodep.shaded.org.apache.hc.client5.http.wire - http-outgoing-2 << "Server: Docker/23.0.2 (linux)[\r][\n]"
11:43:27.505 [Test worker] DEBUG com.github.dockerjava.zerodep.shaded.org.apache.hc.client5.http.wire - http-outgoing-2 << "Date: Wed, 05 Apr 2023 09:43:27 GMT[\r][\n]"
11:43:27.505 [Test worker] DEBUG com.github.dockerjava.zerodep.shaded.org.apache.hc.client5.http.wire - http-outgoing-2 << "[\r][\n]"
11:43:27.505 [Test worker] DEBUG com.github.dockerjava.zerodep.shaded.org.apache.hc.client5.http.headers - http-outgoing-2 << HTTP/1.1 204 No Content
11:43:27.506 [Test worker] DEBUG com.github.dockerjava.zerodep.shaded.org.apache.hc.client5.http.headers - http-outgoing-2 << Api-Version: 1.42
11:43:27.506 [Test worker] DEBUG com.github.dockerjava.zerodep.shaded.org.apache.hc.client5.http.headers - http-outgoing-2 << Docker-Experimental: false
11:43:27.506 [Test worker] DEBUG com.github.dockerjava.zerodep.shaded.org.apache.hc.client5.http.headers - http-outgoing-2 << Ostype: linux
11:43:27.506 [Test worker] DEBUG com.github.dockerjava.zerodep.shaded.org.apache.hc.client5.http.headers - http-outgoing-2 << Server: Docker/23.0.2 (linux)
11:43:27.506 [Test worker] DEBUG com.github.dockerjava.zerodep.shaded.org.apache.hc.client5.http.headers - http-outgoing-2 << Date: Wed, 05 Apr 2023 09:43:27 GMT
11:43:27.506 [Test worker] DEBUG com.github.dockerjava.zerodep.shaded.org.apache.hc.client5.http.impl.classic.MainClientExec - ex-00000013: connection can be kept alive for 3 MINUTES
11:43:27.506 [Test worker] DEBUG com.github.dockerjava.zerodep.shaded.org.apache.hc.client5.http.impl.classic.InternalHttpClient - ep-00000012: releasing valid endpoint
11:43:27.506 [Test worker] DEBUG com.github.dockerjava.zerodep.shaded.org.apache.hc.client5.http.impl.io.PoolingHttpClientConnectionManager - ep-00000012: releasing endpoint
11:43:27.506 [Test worker] DEBUG com.github.dockerjava.zerodep.shaded.org.apache.hc.client5.http.impl.io.PoolingHttpClientConnectionManager - ep-00000012: connection http-outgoing-2 can be kept alive for 3 MINUTES
11:43:27.506 [Test worker] DEBUG com.github.dockerjava.zerodep.shaded.org.apache.hc.client5.http.impl.io.PoolingHttpClientConnectionManager - ep-00000012: connection released [route: {}->unix://localhost:2375][total available: 1; route allocated: 1 of 2147483647; total allocated: 1 of 2147483647]
11:43:27.506 [Test worker] DEBUG org.testcontainers.utility.ResourceReaper - Removed container and associated volume(s): localstack/localstack:latest
]]></system-out>
  <system-err><![CDATA[]]></system-err>
</testsuite>
